The system is: Darwin - 20.3.0 - x86_64
Compiling the C compiler identification source file "CMakeCCompilerId.c" succeeded.
Compiler: /usr/local/gcc-11/bin/gcc-11 
Build flags: 
Id flags:  

The output was:
0


Compilation of the C compiler identification source "CMakeCCompilerId.c" produced "a.out"

The C compiler identification is GNU, found in "/Users/georgewang/Documents/LearnCode/cpptest/build/CMakeFiles/3.20.0-rc5/CompilerIdC/a.out"

Compiling the CXX compiler identification source file "CMakeCXXCompilerId.cpp" succeeded.
Compiler: /usr/local/gcc-11/bin/g++-11 
Build flags: 
Id flags:  

The output was:
0


Compilation of the CXX compiler identification source "CMakeCXXCompilerId.cpp" produced "a.out"

The CXX compiler identification is GNU, found in "/Users/georgewang/Documents/LearnCode/cpptest/build/CMakeFiles/3.20.0-rc5/CompilerIdCXX/a.out"

Detecting C compiler ABI info compiled with the following output:
Change Dir: /Users/georgewang/Documents/LearnCode/cpptest/build/CMakeFiles/CMakeTmp

Run Build Command(s):/usr/local/bin/ninja cmTC_59ee0 && [1/2] Building C object CMakeFiles/cmTC_59ee0.dir/CMakeCCompilerABI.c.o
Using built-in specs.
COLLECT_GCC=/usr/local/gcc-11/bin/gcc-11
Target: x86_64-apple-darwin20.3.0
Configured with: ../gcc-11/configure --prefix=/usr/local/gcc-11 --enable-checking=release --enable-languages=c,c++ --disable-multilib --with-sysroot=/usr/local/gcc_system_root --program-suffix=-11
Thread model: posix
Supported LTO compression algorithms: zlib
gcc version 12.0.0 20210505 (experimental) (GCC) 
COLLECT_GCC_OPTIONS='-isysroot' '/Applications/Xcode.app/Contents/Developer/Platforms/MacOSX.platform/Developer/SDKs/MacOSX11.1.sdk' '-v' '-o' 'CMakeFiles/cmTC_59ee0.dir/CMakeCCompilerABI.c.o' '-c' '-mmacosx-version-min=11.2.0' '-asm_macosx_version_min=11.2' '-mtune=core2' '-dumpdir' 'CMakeFiles/cmTC_59ee0.dir/'
 /usr/local/gcc-11/libexec/gcc/x86_64-apple-darwin20.3.0/12.0.0/cc1 -quiet -v -D__DYNAMIC__ -isysroot /Applications/Xcode.app/Contents/Developer/Platforms/MacOSX.platform/Developer/SDKs/MacOSX11.1.sdk /Applications/CMake.app/Contents/share/cmake-3.20/Modules/CMakeCCompilerABI.c -fPIC -quiet -dumpdir CMakeFiles/cmTC_59ee0.dir/ -dumpbase CMakeCCompilerABI.c.c -dumpbase-ext .c -mmacosx-version-min=11.2.0 -mtune=core2 -version -o /var/folders/7n/ylrt2wfx1w79n_1nkczhvzr00000gn/T//ccDaAzeT.s
GNU C17 (GCC) version 12.0.0 20210505 (experimental) (x86_64-apple-darwin20.3.0)
	compiled by GNU C version 12.0.0 20210505 (experimental), GMP version 6.1.0, MPFR version 3.1.4, MPC version 1.0.3, isl version isl-0.18-GMP

GGC heuristics: --param ggc-min-expand=100 --param ggc-min-heapsize=131072
ignoring nonexistent directory "/Applications/Xcode.app/Contents/Developer/Platforms/MacOSX.platform/Developer/SDKs/MacOSX11.1.sdk/usr/local/include"
ignoring nonexistent directory "/usr/local/gcc-11/lib/gcc/x86_64-apple-darwin20.3.0/12.0.0/../../../../x86_64-apple-darwin20.3.0/include"
ignoring nonexistent directory "/Applications/Xcode.app/Contents/Developer/Platforms/MacOSX.platform/Developer/SDKs/MacOSX11.1.sdk/Library/Frameworks"
#include "..." search starts here:
#include <...> search starts here:
 /usr/local/gcc-11/lib/gcc/x86_64-apple-darwin20.3.0/12.0.0/include
 /usr/local/gcc-11/lib/gcc/x86_64-apple-darwin20.3.0/12.0.0/include-fixed
 /Applications/Xcode.app/Contents/Developer/Platforms/MacOSX.platform/Developer/SDKs/MacOSX11.1.sdk/usr/include
 /Applications/Xcode.app/Contents/Developer/Platforms/MacOSX.platform/Developer/SDKs/MacOSX11.1.sdk/System/Library/Frameworks
End of search list.
GNU C17 (GCC) version 12.0.0 20210505 (experimental) (x86_64-apple-darwin20.3.0)
	compiled by GNU C version 12.0.0 20210505 (experimental), GMP version 6.1.0, MPFR version 3.1.4, MPC version 1.0.3, isl version isl-0.18-GMP

GGC heuristics: --param ggc-min-expand=100 --param ggc-min-heapsize=131072
Compiler executable checksum: bf82e03b317761ae4b61ccf3806abd4d
COLLECT_GCC_OPTIONS='-isysroot' '/Applications/Xcode.app/Contents/Developer/Platforms/MacOSX.platform/Developer/SDKs/MacOSX11.1.sdk' '-v' '-o' 'CMakeFiles/cmTC_59ee0.dir/CMakeCCompilerABI.c.o' '-c' '-mmacosx-version-min=11.2.0'  '-mtune=core2' '-dumpdir' 'CMakeFiles/cmTC_59ee0.dir/'
 as -arch x86_64 -v -force_cpusubtype_ALL -mmacosx-version-min=11.2 -o CMakeFiles/cmTC_59ee0.dir/CMakeCCompilerABI.c.o /var/folders/7n/ylrt2wfx1w79n_1nkczhvzr00000gn/T//ccDaAzeT.s
Apple clang version 12.0.0 (clang-1200.0.32.29)
Target: x86_64-apple-darwin20.3.0
Thread model: posix
InstalledDir: /Applications/Xcode.app/Contents/Developer/Toolchains/XcodeDefault.xctoolchain/usr/bin
 "/Applications/Xcode.app/Contents/Developer/Toolchains/XcodeDefault.xctoolchain/usr/bin/clang" -cc1as -triple x86_64-apple-macosx11.2.0 -filetype obj -main-file-name ccDaAzeT.s -target-cpu penryn -fdebug-compilation-dir /Users/georgewang/Documents/LearnCode/cpptest/build/CMakeFiles/CMakeTmp -dwarf-debug-producer "Apple clang version 12.0.0 (clang-1200.0.32.29)" -dwarf-version=4 -mrelocation-model pic -o CMakeFiles/cmTC_59ee0.dir/CMakeCCompilerABI.c.o /var/folders/7n/ylrt2wfx1w79n_1nkczhvzr00000gn/T//ccDaAzeT.s
COMPILER_PATH=/usr/local/gcc-11/libexec/gcc/x86_64-apple-darwin20.3.0/12.0.0/:/usr/local/gcc-11/libexec/gcc/x86_64-apple-darwin20.3.0/12.0.0/:/usr/local/gcc-11/libexec/gcc/x86_64-apple-darwin20.3.0/:/usr/local/gcc-11/lib/gcc/x86_64-apple-darwin20.3.0/12.0.0/:/usr/local/gcc-11/lib/gcc/x86_64-apple-darwin20.3.0/
LIBRARY_PATH=/usr/local/gcc-11/lib/gcc/x86_64-apple-darwin20.3.0/12.0.0/:/usr/local/gcc-11/lib/gcc/x86_64-apple-darwin20.3.0/12.0.0/../../../
COLLECT_GCC_OPTIONS='-isysroot' '/Applications/Xcode.app/Contents/Developer/Platforms/MacOSX.platform/Developer/SDKs/MacOSX11.1.sdk' '-v' '-o' 'CMakeFiles/cmTC_59ee0.dir/CMakeCCompilerABI.c.o' '-c' '-mmacosx-version-min=11.2.0'  '-mtune=core2' '-dumpdir' 'CMakeFiles/cmTC_59ee0.dir/CMakeCCompilerABI.c.'
[2/2] Linking C executable cmTC_59ee0
Using built-in specs.
COLLECT_GCC=/usr/local/gcc-11/bin/gcc-11
COLLECT_LTO_WRAPPER=/usr/local/gcc-11/libexec/gcc/x86_64-apple-darwin20.3.0/12.0.0/lto-wrapper
Target: x86_64-apple-darwin20.3.0
Configured with: ../gcc-11/configure --prefix=/usr/local/gcc-11 --enable-checking=release --enable-languages=c,c++ --disable-multilib --with-sysroot=/usr/local/gcc_system_root --program-suffix=-11
Thread model: posix
Supported LTO compression algorithms: zlib
gcc version 12.0.0 20210505 (experimental) (GCC) 
COMPILER_PATH=/usr/local/gcc-11/libexec/gcc/x86_64-apple-darwin20.3.0/12.0.0/:/usr/local/gcc-11/libexec/gcc/x86_64-apple-darwin20.3.0/12.0.0/:/usr/local/gcc-11/libexec/gcc/x86_64-apple-darwin20.3.0/:/usr/local/gcc-11/lib/gcc/x86_64-apple-darwin20.3.0/12.0.0/:/usr/local/gcc-11/lib/gcc/x86_64-apple-darwin20.3.0/
LIBRARY_PATH=/usr/local/gcc-11/lib/gcc/x86_64-apple-darwin20.3.0/12.0.0/:/usr/local/gcc-11/lib/gcc/x86_64-apple-darwin20.3.0/12.0.0/../../../
COLLECT_GCC_OPTIONS='-isysroot' '/Applications/Xcode.app/Contents/Developer/Platforms/MacOSX.platform/Developer/SDKs/MacOSX11.1.sdk' '-v' '-o' 'cmTC_59ee0' '-mmacosx-version-min=11.2.0' '-asm_macosx_version_min=11.2' '-mtune=core2' '-dumpdir' 'cmTC_59ee0.'
 /usr/local/gcc-11/libexec/gcc/x86_64-apple-darwin20.3.0/12.0.0/collect2 -dynamic -arch x86_64 -macosx_version_min 11.2.0 -syslibroot /Applications/Xcode.app/Contents/Developer/Platforms/MacOSX.platform/Developer/SDKs/MacOSX11.1.sdk -weak_reference_mismatches non-weak -o cmTC_59ee0 -L/usr/local/gcc-11/lib/gcc/x86_64-apple-darwin20.3.0/12.0.0 -L/usr/local/gcc-11/lib/gcc/x86_64-apple-darwin20.3.0/12.0.0/../../.. -search_paths_first -headerpad_max_install_names -v CMakeFiles/cmTC_59ee0.dir/CMakeCCompilerABI.c.o -lSystem -lgcc_ext.10.5 -lgcc -lSystem -no_compact_unwind -v
collect2 version 12.0.0 20210505 (experimental)
/usr/bin/ld -dynamic -arch x86_64 -macosx_version_min 11.2.0 -syslibroot /Applications/Xcode.app/Contents/Developer/Platforms/MacOSX.platform/Developer/SDKs/MacOSX11.1.sdk -weak_reference_mismatches non-weak -o cmTC_59ee0 -L/usr/local/gcc-11/lib/gcc/x86_64-apple-darwin20.3.0/12.0.0 -L/usr/local/gcc-11/lib/gcc/x86_64-apple-darwin20.3.0/12.0.0/../../.. -search_paths_first -headerpad_max_install_names -v CMakeFiles/cmTC_59ee0.dir/CMakeCCompilerABI.c.o -lSystem -lgcc_ext.10.5 -lgcc -lSystem -no_compact_unwind -v
@(#)PROGRAM:ld  PROJECT:ld64-609.8
BUILD 15:07:46 Dec 18 2020
configured to support archs: armv6 armv7 armv7s arm64 arm64e arm64_32 i386 x86_64 x86_64h armv6m armv7k armv7m armv7em
@(#)PROGRAM:ld  PROJECT:ld64-609.8
BUILD 15:07:46 Dec 18 2020
configured to support archs: armv6 armv7 armv7s arm64 arm64e arm64_32 i386 x86_64 x86_64h armv6m armv7k armv7m armv7em
Library search paths:
	/usr/local/gcc-11/lib/gcc/x86_64-apple-darwin20.3.0/12.0.0
	/usr/local/gcc-11/lib
	/Applications/Xcode.app/Contents/Developer/Platforms/MacOSX.platform/Developer/SDKs/MacOSX11.1.sdk/usr/lib
Framework search paths:
	/Applications/Xcode.app/Contents/Developer/Platforms/MacOSX.platform/Developer/SDKs/MacOSX11.1.sdk/System/Library/Frameworks/



Parsed C implicit include dir info from above output: rv=done
  found start of include info
  found start of implicit include info
    add: [/usr/local/gcc-11/lib/gcc/x86_64-apple-darwin20.3.0/12.0.0/include]
    add: [/usr/local/gcc-11/lib/gcc/x86_64-apple-darwin20.3.0/12.0.0/include-fixed]
    add: [/Applications/Xcode.app/Contents/Developer/Platforms/MacOSX.platform/Developer/SDKs/MacOSX11.1.sdk/usr/include]
    add: [/Applications/Xcode.app/Contents/Developer/Platforms/MacOSX.platform/Developer/SDKs/MacOSX11.1.sdk/System/Library/Frameworks]
  end of search list found
  collapse include dir [/usr/local/gcc-11/lib/gcc/x86_64-apple-darwin20.3.0/12.0.0/include] ==> [/usr/local/gcc-11/lib/gcc/x86_64-apple-darwin20.3.0/12.0.0/include]
  collapse include dir [/usr/local/gcc-11/lib/gcc/x86_64-apple-darwin20.3.0/12.0.0/include-fixed] ==> [/usr/local/gcc-11/lib/gcc/x86_64-apple-darwin20.3.0/12.0.0/include-fixed]
  collapse include dir [/Applications/Xcode.app/Contents/Developer/Platforms/MacOSX.platform/Developer/SDKs/MacOSX11.1.sdk/usr/include] ==> [/Applications/Xcode.app/Contents/Developer/Platforms/MacOSX.platform/Developer/SDKs/MacOSX11.1.sdk/usr/include]
  collapse include dir [/Applications/Xcode.app/Contents/Developer/Platforms/MacOSX.platform/Developer/SDKs/MacOSX11.1.sdk/System/Library/Frameworks] ==> [/Applications/Xcode.app/Contents/Developer/Platforms/MacOSX.platform/Developer/SDKs/MacOSX11.1.sdk/System/Library/Frameworks]
  implicit include dirs: [/usr/local/gcc-11/lib/gcc/x86_64-apple-darwin20.3.0/12.0.0/include;/usr/local/gcc-11/lib/gcc/x86_64-apple-darwin20.3.0/12.0.0/include-fixed;/Applications/Xcode.app/Contents/Developer/Platforms/MacOSX.platform/Developer/SDKs/MacOSX11.1.sdk/usr/include;/Applications/Xcode.app/Contents/Developer/Platforms/MacOSX.platform/Developer/SDKs/MacOSX11.1.sdk/System/Library/Frameworks]


Parsed C implicit link information from above output:
  link line regex: [^( *|.*[/\])(ld|CMAKE_LINK_STARTFILE-NOTFOUND|([^/\]+-)?ld|collect2)[^/\]*( |$)]
  ignore line: [Change Dir: /Users/georgewang/Documents/LearnCode/cpptest/build/CMakeFiles/CMakeTmp]
  ignore line: []
  ignore line: [Run Build Command(s):/usr/local/bin/ninja cmTC_59ee0 && [1/2] Building C object CMakeFiles/cmTC_59ee0.dir/CMakeCCompilerABI.c.o]
  ignore line: [Using built-in specs.]
  ignore line: [COLLECT_GCC=/usr/local/gcc-11/bin/gcc-11]
  ignore line: [Target: x86_64-apple-darwin20.3.0]
  ignore line: [Configured with: ../gcc-11/configure --prefix=/usr/local/gcc-11 --enable-checking=release --enable-languages=c c++ --disable-multilib --with-sysroot=/usr/local/gcc_system_root --program-suffix=-11]
  ignore line: [Thread model: posix]
  ignore line: [Supported LTO compression algorithms: zlib]
  ignore line: [gcc version 12.0.0 20210505 (experimental) (GCC) ]
  ignore line: [COLLECT_GCC_OPTIONS='-isysroot' '/Applications/Xcode.app/Contents/Developer/Platforms/MacOSX.platform/Developer/SDKs/MacOSX11.1.sdk' '-v' '-o' 'CMakeFiles/cmTC_59ee0.dir/CMakeCCompilerABI.c.o' '-c' '-mmacosx-version-min=11.2.0' '-asm_macosx_version_min=11.2' '-mtune=core2' '-dumpdir' 'CMakeFiles/cmTC_59ee0.dir/']
  ignore line: [ /usr/local/gcc-11/libexec/gcc/x86_64-apple-darwin20.3.0/12.0.0/cc1 -quiet -v -D__DYNAMIC__ -isysroot /Applications/Xcode.app/Contents/Developer/Platforms/MacOSX.platform/Developer/SDKs/MacOSX11.1.sdk /Applications/CMake.app/Contents/share/cmake-3.20/Modules/CMakeCCompilerABI.c -fPIC -quiet -dumpdir CMakeFiles/cmTC_59ee0.dir/ -dumpbase CMakeCCompilerABI.c.c -dumpbase-ext .c -mmacosx-version-min=11.2.0 -mtune=core2 -version -o /var/folders/7n/ylrt2wfx1w79n_1nkczhvzr00000gn/T//ccDaAzeT.s]
  ignore line: [GNU C17 (GCC) version 12.0.0 20210505 (experimental) (x86_64-apple-darwin20.3.0)]
  ignore line: [	compiled by GNU C version 12.0.0 20210505 (experimental)  GMP version 6.1.0  MPFR version 3.1.4  MPC version 1.0.3  isl version isl-0.18-GMP]
  ignore line: []
  ignore line: [GGC heuristics: --param ggc-min-expand=100 --param ggc-min-heapsize=131072]
  ignore line: [ignoring nonexistent directory "/Applications/Xcode.app/Contents/Developer/Platforms/MacOSX.platform/Developer/SDKs/MacOSX11.1.sdk/usr/local/include"]
  ignore line: [ignoring nonexistent directory "/usr/local/gcc-11/lib/gcc/x86_64-apple-darwin20.3.0/12.0.0/../../../../x86_64-apple-darwin20.3.0/include"]
  ignore line: [ignoring nonexistent directory "/Applications/Xcode.app/Contents/Developer/Platforms/MacOSX.platform/Developer/SDKs/MacOSX11.1.sdk/Library/Frameworks"]
  ignore line: [#include "..." search starts here:]
  ignore line: [#include <...> search starts here:]
  ignore line: [ /usr/local/gcc-11/lib/gcc/x86_64-apple-darwin20.3.0/12.0.0/include]
  ignore line: [ /usr/local/gcc-11/lib/gcc/x86_64-apple-darwin20.3.0/12.0.0/include-fixed]
  ignore line: [ /Applications/Xcode.app/Contents/Developer/Platforms/MacOSX.platform/Developer/SDKs/MacOSX11.1.sdk/usr/include]
  ignore line: [ /Applications/Xcode.app/Contents/Developer/Platforms/MacOSX.platform/Developer/SDKs/MacOSX11.1.sdk/System/Library/Frameworks]
  ignore line: [End of search list.]
  ignore line: [GNU C17 (GCC) version 12.0.0 20210505 (experimental) (x86_64-apple-darwin20.3.0)]
  ignore line: [	compiled by GNU C version 12.0.0 20210505 (experimental)  GMP version 6.1.0  MPFR version 3.1.4  MPC version 1.0.3  isl version isl-0.18-GMP]
  ignore line: []
  ignore line: [GGC heuristics: --param ggc-min-expand=100 --param ggc-min-heapsize=131072]
  ignore line: [Compiler executable checksum: bf82e03b317761ae4b61ccf3806abd4d]
  ignore line: [COLLECT_GCC_OPTIONS='-isysroot' '/Applications/Xcode.app/Contents/Developer/Platforms/MacOSX.platform/Developer/SDKs/MacOSX11.1.sdk' '-v' '-o' 'CMakeFiles/cmTC_59ee0.dir/CMakeCCompilerABI.c.o' '-c' '-mmacosx-version-min=11.2.0'  '-mtune=core2' '-dumpdir' 'CMakeFiles/cmTC_59ee0.dir/']
  ignore line: [ as -arch x86_64 -v -force_cpusubtype_ALL -mmacosx-version-min=11.2 -o CMakeFiles/cmTC_59ee0.dir/CMakeCCompilerABI.c.o /var/folders/7n/ylrt2wfx1w79n_1nkczhvzr00000gn/T//ccDaAzeT.s]
  ignore line: [Apple clang version 12.0.0 (clang-1200.0.32.29)]
  ignore line: [Target: x86_64-apple-darwin20.3.0]
  ignore line: [Thread model: posix]
  ignore line: [InstalledDir: /Applications/Xcode.app/Contents/Developer/Toolchains/XcodeDefault.xctoolchain/usr/bin]
  ignore line: [ "/Applications/Xcode.app/Contents/Developer/Toolchains/XcodeDefault.xctoolchain/usr/bin/clang" -cc1as -triple x86_64-apple-macosx11.2.0 -filetype obj -main-file-name ccDaAzeT.s -target-cpu penryn -fdebug-compilation-dir /Users/georgewang/Documents/LearnCode/cpptest/build/CMakeFiles/CMakeTmp -dwarf-debug-producer "Apple clang version 12.0.0 (clang-1200.0.32.29)" -dwarf-version=4 -mrelocation-model pic -o CMakeFiles/cmTC_59ee0.dir/CMakeCCompilerABI.c.o /var/folders/7n/ylrt2wfx1w79n_1nkczhvzr00000gn/T//ccDaAzeT.s]
  ignore line: [COMPILER_PATH=/usr/local/gcc-11/libexec/gcc/x86_64-apple-darwin20.3.0/12.0.0/:/usr/local/gcc-11/libexec/gcc/x86_64-apple-darwin20.3.0/12.0.0/:/usr/local/gcc-11/libexec/gcc/x86_64-apple-darwin20.3.0/:/usr/local/gcc-11/lib/gcc/x86_64-apple-darwin20.3.0/12.0.0/:/usr/local/gcc-11/lib/gcc/x86_64-apple-darwin20.3.0/]
  ignore line: [LIBRARY_PATH=/usr/local/gcc-11/lib/gcc/x86_64-apple-darwin20.3.0/12.0.0/:/usr/local/gcc-11/lib/gcc/x86_64-apple-darwin20.3.0/12.0.0/../../../]
  ignore line: [COLLECT_GCC_OPTIONS='-isysroot' '/Applications/Xcode.app/Contents/Developer/Platforms/MacOSX.platform/Developer/SDKs/MacOSX11.1.sdk' '-v' '-o' 'CMakeFiles/cmTC_59ee0.dir/CMakeCCompilerABI.c.o' '-c' '-mmacosx-version-min=11.2.0'  '-mtune=core2' '-dumpdir' 'CMakeFiles/cmTC_59ee0.dir/CMakeCCompilerABI.c.']
  ignore line: [[2/2] Linking C executable cmTC_59ee0]
  ignore line: [Using built-in specs.]
  ignore line: [COLLECT_GCC=/usr/local/gcc-11/bin/gcc-11]
  ignore line: [COLLECT_LTO_WRAPPER=/usr/local/gcc-11/libexec/gcc/x86_64-apple-darwin20.3.0/12.0.0/lto-wrapper]
  ignore line: [Target: x86_64-apple-darwin20.3.0]
  ignore line: [Configured with: ../gcc-11/configure --prefix=/usr/local/gcc-11 --enable-checking=release --enable-languages=c c++ --disable-multilib --with-sysroot=/usr/local/gcc_system_root --program-suffix=-11]
  ignore line: [Thread model: posix]
  ignore line: [Supported LTO compression algorithms: zlib]
  ignore line: [gcc version 12.0.0 20210505 (experimental) (GCC) ]
  ignore line: [COMPILER_PATH=/usr/local/gcc-11/libexec/gcc/x86_64-apple-darwin20.3.0/12.0.0/:/usr/local/gcc-11/libexec/gcc/x86_64-apple-darwin20.3.0/12.0.0/:/usr/local/gcc-11/libexec/gcc/x86_64-apple-darwin20.3.0/:/usr/local/gcc-11/lib/gcc/x86_64-apple-darwin20.3.0/12.0.0/:/usr/local/gcc-11/lib/gcc/x86_64-apple-darwin20.3.0/]
  ignore line: [LIBRARY_PATH=/usr/local/gcc-11/lib/gcc/x86_64-apple-darwin20.3.0/12.0.0/:/usr/local/gcc-11/lib/gcc/x86_64-apple-darwin20.3.0/12.0.0/../../../]
  ignore line: [COLLECT_GCC_OPTIONS='-isysroot' '/Applications/Xcode.app/Contents/Developer/Platforms/MacOSX.platform/Developer/SDKs/MacOSX11.1.sdk' '-v' '-o' 'cmTC_59ee0' '-mmacosx-version-min=11.2.0' '-asm_macosx_version_min=11.2' '-mtune=core2' '-dumpdir' 'cmTC_59ee0.']
  link line: [ /usr/local/gcc-11/libexec/gcc/x86_64-apple-darwin20.3.0/12.0.0/collect2 -dynamic -arch x86_64 -macosx_version_min 11.2.0 -syslibroot /Applications/Xcode.app/Contents/Developer/Platforms/MacOSX.platform/Developer/SDKs/MacOSX11.1.sdk -weak_reference_mismatches non-weak -o cmTC_59ee0 -L/usr/local/gcc-11/lib/gcc/x86_64-apple-darwin20.3.0/12.0.0 -L/usr/local/gcc-11/lib/gcc/x86_64-apple-darwin20.3.0/12.0.0/../../.. -search_paths_first -headerpad_max_install_names -v CMakeFiles/cmTC_59ee0.dir/CMakeCCompilerABI.c.o -lSystem -lgcc_ext.10.5 -lgcc -lSystem -no_compact_unwind -v]
    arg [/usr/local/gcc-11/libexec/gcc/x86_64-apple-darwin20.3.0/12.0.0/collect2] ==> ignore
    arg [-dynamic] ==> ignore
    arg [-arch] ==> ignore
    arg [x86_64] ==> ignore
    arg [-macosx_version_min] ==> ignore
    arg [11.2.0] ==> ignore
    arg [-syslibroot] ==> ignore
    arg [/Applications/Xcode.app/Contents/Developer/Platforms/MacOSX.platform/Developer/SDKs/MacOSX11.1.sdk] ==> ignore
    arg [-weak_reference_mismatches] ==> ignore
    arg [non-weak] ==> ignore
    arg [-o] ==> ignore
    arg [cmTC_59ee0] ==> ignore
    arg [-L/usr/local/gcc-11/lib/gcc/x86_64-apple-darwin20.3.0/12.0.0] ==> dir [/usr/local/gcc-11/lib/gcc/x86_64-apple-darwin20.3.0/12.0.0]
    arg [-L/usr/local/gcc-11/lib/gcc/x86_64-apple-darwin20.3.0/12.0.0/../../..] ==> dir [/usr/local/gcc-11/lib/gcc/x86_64-apple-darwin20.3.0/12.0.0/../../..]
    arg [-search_paths_first] ==> ignore
    arg [-headerpad_max_install_names] ==> ignore
    arg [-v] ==> ignore
    arg [CMakeFiles/cmTC_59ee0.dir/CMakeCCompilerABI.c.o] ==> ignore
    arg [-lSystem] ==> lib [System]
    arg [-lgcc_ext.10.5] ==> lib [gcc_ext.10.5]
    arg [-lgcc] ==> lib [gcc]
    arg [-lSystem] ==> lib [System]
    arg [-no_compact_unwind] ==> ignore
    arg [-v] ==> ignore
  Library search paths: [;/usr/local/gcc-11/lib/gcc/x86_64-apple-darwin20.3.0/12.0.0;/usr/local/gcc-11/lib;/Applications/Xcode.app/Contents/Developer/Platforms/MacOSX.platform/Developer/SDKs/MacOSX11.1.sdk/usr/lib]
  Framework search paths: [;/Applications/Xcode.app/Contents/Developer/Platforms/MacOSX.platform/Developer/SDKs/MacOSX11.1.sdk/System/Library/Frameworks/]
  remove lib [System]
  remove lib [System]
  collapse library dir [/usr/local/gcc-11/lib/gcc/x86_64-apple-darwin20.3.0/12.0.0] ==> [/usr/local/gcc-11/lib/gcc/x86_64-apple-darwin20.3.0/12.0.0]
  collapse library dir [/usr/local/gcc-11/lib/gcc/x86_64-apple-darwin20.3.0/12.0.0/../../..] ==> [/usr/local/gcc-11/lib]
  collapse library dir [/usr/local/gcc-11/lib/gcc/x86_64-apple-darwin20.3.0/12.0.0] ==> [/usr/local/gcc-11/lib/gcc/x86_64-apple-darwin20.3.0/12.0.0]
  collapse library dir [/usr/local/gcc-11/lib] ==> [/usr/local/gcc-11/lib]
  collapse library dir [/Applications/Xcode.app/Contents/Developer/Platforms/MacOSX.platform/Developer/SDKs/MacOSX11.1.sdk/usr/lib] ==> [/Applications/Xcode.app/Contents/Developer/Platforms/MacOSX.platform/Developer/SDKs/MacOSX11.1.sdk/usr/lib]
  collapse framework dir [/Applications/Xcode.app/Contents/Developer/Platforms/MacOSX.platform/Developer/SDKs/MacOSX11.1.sdk/System/Library/Frameworks/] ==> [/Applications/Xcode.app/Contents/Developer/Platforms/MacOSX.platform/Developer/SDKs/MacOSX11.1.sdk/System/Library/Frameworks]
  implicit libs: [gcc_ext.10.5;gcc]
  implicit dirs: [/usr/local/gcc-11/lib/gcc/x86_64-apple-darwin20.3.0/12.0.0;/usr/local/gcc-11/lib;/Applications/Xcode.app/Contents/Developer/Platforms/MacOSX.platform/Developer/SDKs/MacOSX11.1.sdk/usr/lib]
  implicit fwks: [/Applications/Xcode.app/Contents/Developer/Platforms/MacOSX.platform/Developer/SDKs/MacOSX11.1.sdk/System/Library/Frameworks]


Detecting CXX compiler ABI info compiled with the following output:
Change Dir: /Users/georgewang/Documents/LearnCode/cpptest/build/CMakeFiles/CMakeTmp

Run Build Command(s):/usr/local/bin/ninja cmTC_6f294 && [1/2] Building CXX object CMakeFiles/cmTC_6f294.dir/CMakeCXXCompilerABI.cpp.o
Using built-in specs.
COLLECT_GCC=/usr/local/gcc-11/bin/g++-11
Target: x86_64-apple-darwin20.3.0
Configured with: ../gcc-11/configure --prefix=/usr/local/gcc-11 --enable-checking=release --enable-languages=c,c++ --disable-multilib --with-sysroot=/usr/local/gcc_system_root --program-suffix=-11
Thread model: posix
Supported LTO compression algorithms: zlib
gcc version 12.0.0 20210505 (experimental) (GCC) 
COLLECT_GCC_OPTIONS='-isysroot' '/Applications/Xcode.app/Contents/Developer/Platforms/MacOSX.platform/Developer/SDKs/MacOSX11.1.sdk' '-v' '-o' 'CMakeFiles/cmTC_6f294.dir/CMakeCXXCompilerABI.cpp.o' '-c' '-mmacosx-version-min=11.2.0' '-asm_macosx_version_min=11.2' '-shared-libgcc' '-mtune=core2' '-dumpdir' 'CMakeFiles/cmTC_6f294.dir/'
 /usr/local/gcc-11/libexec/gcc/x86_64-apple-darwin20.3.0/12.0.0/cc1plus -quiet -v -D__DYNAMIC__ -isysroot /Applications/Xcode.app/Contents/Developer/Platforms/MacOSX.platform/Developer/SDKs/MacOSX11.1.sdk /Applications/CMake.app/Contents/share/cmake-3.20/Modules/CMakeCXXCompilerABI.cpp -fPIC -quiet -dumpdir CMakeFiles/cmTC_6f294.dir/ -dumpbase CMakeCXXCompilerABI.cpp.cpp -dumpbase-ext .cpp -mmacosx-version-min=11.2.0 -mtune=core2 -version -o /var/folders/7n/ylrt2wfx1w79n_1nkczhvzr00000gn/T//ccGymdwE.s
GNU C++17 (GCC) version 12.0.0 20210505 (experimental) (x86_64-apple-darwin20.3.0)
	compiled by GNU C version 12.0.0 20210505 (experimental), GMP version 6.1.0, MPFR version 3.1.4, MPC version 1.0.3, isl version isl-0.18-GMP

GGC heuristics: --param ggc-min-expand=100 --param ggc-min-heapsize=131072
ignoring nonexistent directory "/Applications/Xcode.app/Contents/Developer/Platforms/MacOSX.platform/Developer/SDKs/MacOSX11.1.sdk/usr/local/include"
ignoring nonexistent directory "/usr/local/gcc-11/lib/gcc/x86_64-apple-darwin20.3.0/12.0.0/../../../../x86_64-apple-darwin20.3.0/include"
ignoring nonexistent directory "/Applications/Xcode.app/Contents/Developer/Platforms/MacOSX.platform/Developer/SDKs/MacOSX11.1.sdk/Library/Frameworks"
#include "..." search starts here:
#include <...> search starts here:
 /usr/local/gcc-11/lib/gcc/x86_64-apple-darwin20.3.0/12.0.0/../../../../include/c++/12.0.0
 /usr/local/gcc-11/lib/gcc/x86_64-apple-darwin20.3.0/12.0.0/../../../../include/c++/12.0.0/x86_64-apple-darwin20.3.0
 /usr/local/gcc-11/lib/gcc/x86_64-apple-darwin20.3.0/12.0.0/../../../../include/c++/12.0.0/backward
 /usr/local/gcc-11/lib/gcc/x86_64-apple-darwin20.3.0/12.0.0/include
 /usr/local/gcc-11/lib/gcc/x86_64-apple-darwin20.3.0/12.0.0/include-fixed
 /Applications/Xcode.app/Contents/Developer/Platforms/MacOSX.platform/Developer/SDKs/MacOSX11.1.sdk/usr/include
 /Applications/Xcode.app/Contents/Developer/Platforms/MacOSX.platform/Developer/SDKs/MacOSX11.1.sdk/System/Library/Frameworks
End of search list.
GNU C++17 (GCC) version 12.0.0 20210505 (experimental) (x86_64-apple-darwin20.3.0)
	compiled by GNU C version 12.0.0 20210505 (experimental), GMP version 6.1.0, MPFR version 3.1.4, MPC version 1.0.3, isl version isl-0.18-GMP

GGC heuristics: --param ggc-min-expand=100 --param ggc-min-heapsize=131072
Compiler executable checksum: 6aeeb0d55180922cfaf33ae8ad40ad4f
COLLECT_GCC_OPTIONS='-isysroot' '/Applications/Xcode.app/Contents/Developer/Platforms/MacOSX.platform/Developer/SDKs/MacOSX11.1.sdk' '-v' '-o' 'CMakeFiles/cmTC_6f294.dir/CMakeCXXCompilerABI.cpp.o' '-c' '-mmacosx-version-min=11.2.0'  '-shared-libgcc' '-mtune=core2' '-dumpdir' 'CMakeFiles/cmTC_6f294.dir/'
 as -arch x86_64 -v -force_cpusubtype_ALL -mmacosx-version-min=11.2 -o CMakeFiles/cmTC_6f294.dir/CMakeCXXCompilerABI.cpp.o /var/folders/7n/ylrt2wfx1w79n_1nkczhvzr00000gn/T//ccGymdwE.s
Apple clang version 12.0.0 (clang-1200.0.32.29)
Target: x86_64-apple-darwin20.3.0
Thread model: posix
InstalledDir: /Applications/Xcode.app/Contents/Developer/Toolchains/XcodeDefault.xctoolchain/usr/bin
 "/Applications/Xcode.app/Contents/Developer/Toolchains/XcodeDefault.xctoolchain/usr/bin/clang" -cc1as -triple x86_64-apple-macosx11.2.0 -filetype obj -main-file-name ccGymdwE.s -target-cpu penryn -fdebug-compilation-dir /Users/georgewang/Documents/LearnCode/cpptest/build/CMakeFiles/CMakeTmp -dwarf-debug-producer "Apple clang version 12.0.0 (clang-1200.0.32.29)" -dwarf-version=4 -mrelocation-model pic -o CMakeFiles/cmTC_6f294.dir/CMakeCXXCompilerABI.cpp.o /var/folders/7n/ylrt2wfx1w79n_1nkczhvzr00000gn/T//ccGymdwE.s
COMPILER_PATH=/usr/local/gcc-11/libexec/gcc/x86_64-apple-darwin20.3.0/12.0.0/:/usr/local/gcc-11/libexec/gcc/x86_64-apple-darwin20.3.0/12.0.0/:/usr/local/gcc-11/libexec/gcc/x86_64-apple-darwin20.3.0/:/usr/local/gcc-11/lib/gcc/x86_64-apple-darwin20.3.0/12.0.0/:/usr/local/gcc-11/lib/gcc/x86_64-apple-darwin20.3.0/
LIBRARY_PATH=/usr/local/gcc-11/lib/gcc/x86_64-apple-darwin20.3.0/12.0.0/:/usr/local/gcc-11/lib/gcc/x86_64-apple-darwin20.3.0/12.0.0/../../../
COLLECT_GCC_OPTIONS='-isysroot' '/Applications/Xcode.app/Contents/Developer/Platforms/MacOSX.platform/Developer/SDKs/MacOSX11.1.sdk' '-v' '-o' 'CMakeFiles/cmTC_6f294.dir/CMakeCXXCompilerABI.cpp.o' '-c' '-mmacosx-version-min=11.2.0'  '-shared-libgcc' '-mtune=core2' '-dumpdir' 'CMakeFiles/cmTC_6f294.dir/CMakeCXXCompilerABI.cpp.'
[2/2] Linking CXX executable cmTC_6f294
Using built-in specs.
COLLECT_GCC=/usr/local/gcc-11/bin/g++-11
COLLECT_LTO_WRAPPER=/usr/local/gcc-11/libexec/gcc/x86_64-apple-darwin20.3.0/12.0.0/lto-wrapper
Target: x86_64-apple-darwin20.3.0
Configured with: ../gcc-11/configure --prefix=/usr/local/gcc-11 --enable-checking=release --enable-languages=c,c++ --disable-multilib --with-sysroot=/usr/local/gcc_system_root --program-suffix=-11
Thread model: posix
Supported LTO compression algorithms: zlib
gcc version 12.0.0 20210505 (experimental) (GCC) 
COMPILER_PATH=/usr/local/gcc-11/libexec/gcc/x86_64-apple-darwin20.3.0/12.0.0/:/usr/local/gcc-11/libexec/gcc/x86_64-apple-darwin20.3.0/12.0.0/:/usr/local/gcc-11/libexec/gcc/x86_64-apple-darwin20.3.0/:/usr/local/gcc-11/lib/gcc/x86_64-apple-darwin20.3.0/12.0.0/:/usr/local/gcc-11/lib/gcc/x86_64-apple-darwin20.3.0/
LIBRARY_PATH=/usr/local/gcc-11/lib/gcc/x86_64-apple-darwin20.3.0/12.0.0/:/usr/local/gcc-11/lib/gcc/x86_64-apple-darwin20.3.0/12.0.0/../../../
COLLECT_GCC_OPTIONS='-isysroot' '/Applications/Xcode.app/Contents/Developer/Platforms/MacOSX.platform/Developer/SDKs/MacOSX11.1.sdk' '-v' '-o' 'cmTC_6f294' '-mmacosx-version-min=11.2.0' '-asm_macosx_version_min=11.2' '-shared-libgcc' '-mtune=core2' '-dumpdir' 'cmTC_6f294.'
 /usr/local/gcc-11/libexec/gcc/x86_64-apple-darwin20.3.0/12.0.0/collect2 -dynamic -arch x86_64 -macosx_version_min 11.2.0 -syslibroot /Applications/Xcode.app/Contents/Developer/Platforms/MacOSX.platform/Developer/SDKs/MacOSX11.1.sdk -weak_reference_mismatches non-weak -o cmTC_6f294 -L/usr/local/gcc-11/lib/gcc/x86_64-apple-darwin20.3.0/12.0.0 -L/usr/local/gcc-11/lib/gcc/x86_64-apple-darwin20.3.0/12.0.0/../../.. -search_paths_first -headerpad_max_install_names -v CMakeFiles/cmTC_6f294.dir/CMakeCXXCompilerABI.cpp.o -lstdc++ -lSystem -lgcc_ext.10.5 -lgcc -lSystem -no_compact_unwind -v
collect2 version 12.0.0 20210505 (experimental)
/usr/bin/ld -dynamic -arch x86_64 -macosx_version_min 11.2.0 -syslibroot /Applications/Xcode.app/Contents/Developer/Platforms/MacOSX.platform/Developer/SDKs/MacOSX11.1.sdk -weak_reference_mismatches non-weak -o cmTC_6f294 -L/usr/local/gcc-11/lib/gcc/x86_64-apple-darwin20.3.0/12.0.0 -L/usr/local/gcc-11/lib/gcc/x86_64-apple-darwin20.3.0/12.0.0/../../.. -search_paths_first -headerpad_max_install_names -v CMakeFiles/cmTC_6f294.dir/CMakeCXXCompilerABI.cpp.o -lstdc++ -lSystem -lgcc_ext.10.5 -lgcc -lSystem -no_compact_unwind -v
@(#)PROGRAM:ld  PROJECT:ld64-609.8
BUILD 15:07:46 Dec 18 2020
configured to support archs: armv6 armv7 armv7s arm64 arm64e arm64_32 i386 x86_64 x86_64h armv6m armv7k armv7m armv7em
@(#)PROGRAM:ld  PROJECT:ld64-609.8
BUILD 15:07:46 Dec 18 2020
configured to support archs: armv6 armv7 armv7s arm64 arm64e arm64_32 i386 x86_64 x86_64h armv6m armv7k armv7m armv7em
Library search paths:
	/usr/local/gcc-11/lib/gcc/x86_64-apple-darwin20.3.0/12.0.0
	/usr/local/gcc-11/lib
	/Applications/Xcode.app/Contents/Developer/Platforms/MacOSX.platform/Developer/SDKs/MacOSX11.1.sdk/usr/lib
Framework search paths:
	/Applications/Xcode.app/Contents/Developer/Platforms/MacOSX.platform/Developer/SDKs/MacOSX11.1.sdk/System/Library/Frameworks/



Parsed CXX implicit include dir info from above output: rv=done
  found start of include info
  found start of implicit include info
    add: [/usr/local/gcc-11/lib/gcc/x86_64-apple-darwin20.3.0/12.0.0/../../../../include/c++/12.0.0]
    add: [/usr/local/gcc-11/lib/gcc/x86_64-apple-darwin20.3.0/12.0.0/../../../../include/c++/12.0.0/x86_64-apple-darwin20.3.0]
    add: [/usr/local/gcc-11/lib/gcc/x86_64-apple-darwin20.3.0/12.0.0/../../../../include/c++/12.0.0/backward]
    add: [/usr/local/gcc-11/lib/gcc/x86_64-apple-darwin20.3.0/12.0.0/include]
    add: [/usr/local/gcc-11/lib/gcc/x86_64-apple-darwin20.3.0/12.0.0/include-fixed]
    add: [/Applications/Xcode.app/Contents/Developer/Platforms/MacOSX.platform/Developer/SDKs/MacOSX11.1.sdk/usr/include]
    add: [/Applications/Xcode.app/Contents/Developer/Platforms/MacOSX.platform/Developer/SDKs/MacOSX11.1.sdk/System/Library/Frameworks]
  end of search list found
  collapse include dir [/usr/local/gcc-11/lib/gcc/x86_64-apple-darwin20.3.0/12.0.0/../../../../include/c++/12.0.0] ==> [/usr/local/gcc-11/include/c++/12.0.0]
  collapse include dir [/usr/local/gcc-11/lib/gcc/x86_64-apple-darwin20.3.0/12.0.0/../../../../include/c++/12.0.0/x86_64-apple-darwin20.3.0] ==> [/usr/local/gcc-11/include/c++/12.0.0/x86_64-apple-darwin20.3.0]
  collapse include dir [/usr/local/gcc-11/lib/gcc/x86_64-apple-darwin20.3.0/12.0.0/../../../../include/c++/12.0.0/backward] ==> [/usr/local/gcc-11/include/c++/12.0.0/backward]
  collapse include dir [/usr/local/gcc-11/lib/gcc/x86_64-apple-darwin20.3.0/12.0.0/include] ==> [/usr/local/gcc-11/lib/gcc/x86_64-apple-darwin20.3.0/12.0.0/include]
  collapse include dir [/usr/local/gcc-11/lib/gcc/x86_64-apple-darwin20.3.0/12.0.0/include-fixed] ==> [/usr/local/gcc-11/lib/gcc/x86_64-apple-darwin20.3.0/12.0.0/include-fixed]
  collapse include dir [/Applications/Xcode.app/Contents/Developer/Platforms/MacOSX.platform/Developer/SDKs/MacOSX11.1.sdk/usr/include] ==> [/Applications/Xcode.app/Contents/Developer/Platforms/MacOSX.platform/Developer/SDKs/MacOSX11.1.sdk/usr/include]
  collapse include dir [/Applications/Xcode.app/Contents/Developer/Platforms/MacOSX.platform/Developer/SDKs/MacOSX11.1.sdk/System/Library/Frameworks] ==> [/Applications/Xcode.app/Contents/Developer/Platforms/MacOSX.platform/Developer/SDKs/MacOSX11.1.sdk/System/Library/Frameworks]
  implicit include dirs: [/usr/local/gcc-11/include/c++/12.0.0;/usr/local/gcc-11/include/c++/12.0.0/x86_64-apple-darwin20.3.0;/usr/local/gcc-11/include/c++/12.0.0/backward;/usr/local/gcc-11/lib/gcc/x86_64-apple-darwin20.3.0/12.0.0/include;/usr/local/gcc-11/lib/gcc/x86_64-apple-darwin20.3.0/12.0.0/include-fixed;/Applications/Xcode.app/Contents/Developer/Platforms/MacOSX.platform/Developer/SDKs/MacOSX11.1.sdk/usr/include;/Applications/Xcode.app/Contents/Developer/Platforms/MacOSX.platform/Developer/SDKs/MacOSX11.1.sdk/System/Library/Frameworks]


Parsed CXX implicit link information from above output:
  link line regex: [^( *|.*[/\])(ld|CMAKE_LINK_STARTFILE-NOTFOUND|([^/\]+-)?ld|collect2)[^/\]*( |$)]
  ignore line: [Change Dir: /Users/georgewang/Documents/LearnCode/cpptest/build/CMakeFiles/CMakeTmp]
  ignore line: []
  ignore line: [Run Build Command(s):/usr/local/bin/ninja cmTC_6f294 && [1/2] Building CXX object CMakeFiles/cmTC_6f294.dir/CMakeCXXCompilerABI.cpp.o]
  ignore line: [Using built-in specs.]
  ignore line: [COLLECT_GCC=/usr/local/gcc-11/bin/g++-11]
  ignore line: [Target: x86_64-apple-darwin20.3.0]
  ignore line: [Configured with: ../gcc-11/configure --prefix=/usr/local/gcc-11 --enable-checking=release --enable-languages=c c++ --disable-multilib --with-sysroot=/usr/local/gcc_system_root --program-suffix=-11]
  ignore line: [Thread model: posix]
  ignore line: [Supported LTO compression algorithms: zlib]
  ignore line: [gcc version 12.0.0 20210505 (experimental) (GCC) ]
  ignore line: [COLLECT_GCC_OPTIONS='-isysroot' '/Applications/Xcode.app/Contents/Developer/Platforms/MacOSX.platform/Developer/SDKs/MacOSX11.1.sdk' '-v' '-o' 'CMakeFiles/cmTC_6f294.dir/CMakeCXXCompilerABI.cpp.o' '-c' '-mmacosx-version-min=11.2.0' '-asm_macosx_version_min=11.2' '-shared-libgcc' '-mtune=core2' '-dumpdir' 'CMakeFiles/cmTC_6f294.dir/']
  ignore line: [ /usr/local/gcc-11/libexec/gcc/x86_64-apple-darwin20.3.0/12.0.0/cc1plus -quiet -v -D__DYNAMIC__ -isysroot /Applications/Xcode.app/Contents/Developer/Platforms/MacOSX.platform/Developer/SDKs/MacOSX11.1.sdk /Applications/CMake.app/Contents/share/cmake-3.20/Modules/CMakeCXXCompilerABI.cpp -fPIC -quiet -dumpdir CMakeFiles/cmTC_6f294.dir/ -dumpbase CMakeCXXCompilerABI.cpp.cpp -dumpbase-ext .cpp -mmacosx-version-min=11.2.0 -mtune=core2 -version -o /var/folders/7n/ylrt2wfx1w79n_1nkczhvzr00000gn/T//ccGymdwE.s]
  ignore line: [GNU C++17 (GCC) version 12.0.0 20210505 (experimental) (x86_64-apple-darwin20.3.0)]
  ignore line: [	compiled by GNU C version 12.0.0 20210505 (experimental)  GMP version 6.1.0  MPFR version 3.1.4  MPC version 1.0.3  isl version isl-0.18-GMP]
  ignore line: []
  ignore line: [GGC heuristics: --param ggc-min-expand=100 --param ggc-min-heapsize=131072]
  ignore line: [ignoring nonexistent directory "/Applications/Xcode.app/Contents/Developer/Platforms/MacOSX.platform/Developer/SDKs/MacOSX11.1.sdk/usr/local/include"]
  ignore line: [ignoring nonexistent directory "/usr/local/gcc-11/lib/gcc/x86_64-apple-darwin20.3.0/12.0.0/../../../../x86_64-apple-darwin20.3.0/include"]
  ignore line: [ignoring nonexistent directory "/Applications/Xcode.app/Contents/Developer/Platforms/MacOSX.platform/Developer/SDKs/MacOSX11.1.sdk/Library/Frameworks"]
  ignore line: [#include "..." search starts here:]
  ignore line: [#include <...> search starts here:]
  ignore line: [ /usr/local/gcc-11/lib/gcc/x86_64-apple-darwin20.3.0/12.0.0/../../../../include/c++/12.0.0]
  ignore line: [ /usr/local/gcc-11/lib/gcc/x86_64-apple-darwin20.3.0/12.0.0/../../../../include/c++/12.0.0/x86_64-apple-darwin20.3.0]
  ignore line: [ /usr/local/gcc-11/lib/gcc/x86_64-apple-darwin20.3.0/12.0.0/../../../../include/c++/12.0.0/backward]
  ignore line: [ /usr/local/gcc-11/lib/gcc/x86_64-apple-darwin20.3.0/12.0.0/include]
  ignore line: [ /usr/local/gcc-11/lib/gcc/x86_64-apple-darwin20.3.0/12.0.0/include-fixed]
  ignore line: [ /Applications/Xcode.app/Contents/Developer/Platforms/MacOSX.platform/Developer/SDKs/MacOSX11.1.sdk/usr/include]
  ignore line: [ /Applications/Xcode.app/Contents/Developer/Platforms/MacOSX.platform/Developer/SDKs/MacOSX11.1.sdk/System/Library/Frameworks]
  ignore line: [End of search list.]
  ignore line: [GNU C++17 (GCC) version 12.0.0 20210505 (experimental) (x86_64-apple-darwin20.3.0)]
  ignore line: [	compiled by GNU C version 12.0.0 20210505 (experimental)  GMP version 6.1.0  MPFR version 3.1.4  MPC version 1.0.3  isl version isl-0.18-GMP]
  ignore line: []
  ignore line: [GGC heuristics: --param ggc-min-expand=100 --param ggc-min-heapsize=131072]
  ignore line: [Compiler executable checksum: 6aeeb0d55180922cfaf33ae8ad40ad4f]
  ignore line: [COLLECT_GCC_OPTIONS='-isysroot' '/Applications/Xcode.app/Contents/Developer/Platforms/MacOSX.platform/Developer/SDKs/MacOSX11.1.sdk' '-v' '-o' 'CMakeFiles/cmTC_6f294.dir/CMakeCXXCompilerABI.cpp.o' '-c' '-mmacosx-version-min=11.2.0'  '-shared-libgcc' '-mtune=core2' '-dumpdir' 'CMakeFiles/cmTC_6f294.dir/']
  ignore line: [ as -arch x86_64 -v -force_cpusubtype_ALL -mmacosx-version-min=11.2 -o CMakeFiles/cmTC_6f294.dir/CMakeCXXCompilerABI.cpp.o /var/folders/7n/ylrt2wfx1w79n_1nkczhvzr00000gn/T//ccGymdwE.s]
  ignore line: [Apple clang version 12.0.0 (clang-1200.0.32.29)]
  ignore line: [Target: x86_64-apple-darwin20.3.0]
  ignore line: [Thread model: posix]
  ignore line: [InstalledDir: /Applications/Xcode.app/Contents/Developer/Toolchains/XcodeDefault.xctoolchain/usr/bin]
  ignore line: [ "/Applications/Xcode.app/Contents/Developer/Toolchains/XcodeDefault.xctoolchain/usr/bin/clang" -cc1as -triple x86_64-apple-macosx11.2.0 -filetype obj -main-file-name ccGymdwE.s -target-cpu penryn -fdebug-compilation-dir /Users/georgewang/Documents/LearnCode/cpptest/build/CMakeFiles/CMakeTmp -dwarf-debug-producer "Apple clang version 12.0.0 (clang-1200.0.32.29)" -dwarf-version=4 -mrelocation-model pic -o CMakeFiles/cmTC_6f294.dir/CMakeCXXCompilerABI.cpp.o /var/folders/7n/ylrt2wfx1w79n_1nkczhvzr00000gn/T//ccGymdwE.s]
  ignore line: [COMPILER_PATH=/usr/local/gcc-11/libexec/gcc/x86_64-apple-darwin20.3.0/12.0.0/:/usr/local/gcc-11/libexec/gcc/x86_64-apple-darwin20.3.0/12.0.0/:/usr/local/gcc-11/libexec/gcc/x86_64-apple-darwin20.3.0/:/usr/local/gcc-11/lib/gcc/x86_64-apple-darwin20.3.0/12.0.0/:/usr/local/gcc-11/lib/gcc/x86_64-apple-darwin20.3.0/]
  ignore line: [LIBRARY_PATH=/usr/local/gcc-11/lib/gcc/x86_64-apple-darwin20.3.0/12.0.0/:/usr/local/gcc-11/lib/gcc/x86_64-apple-darwin20.3.0/12.0.0/../../../]
  ignore line: [COLLECT_GCC_OPTIONS='-isysroot' '/Applications/Xcode.app/Contents/Developer/Platforms/MacOSX.platform/Developer/SDKs/MacOSX11.1.sdk' '-v' '-o' 'CMakeFiles/cmTC_6f294.dir/CMakeCXXCompilerABI.cpp.o' '-c' '-mmacosx-version-min=11.2.0'  '-shared-libgcc' '-mtune=core2' '-dumpdir' 'CMakeFiles/cmTC_6f294.dir/CMakeCXXCompilerABI.cpp.']
  ignore line: [[2/2] Linking CXX executable cmTC_6f294]
  ignore line: [Using built-in specs.]
  ignore line: [COLLECT_GCC=/usr/local/gcc-11/bin/g++-11]
  ignore line: [COLLECT_LTO_WRAPPER=/usr/local/gcc-11/libexec/gcc/x86_64-apple-darwin20.3.0/12.0.0/lto-wrapper]
  ignore line: [Target: x86_64-apple-darwin20.3.0]
  ignore line: [Configured with: ../gcc-11/configure --prefix=/usr/local/gcc-11 --enable-checking=release --enable-languages=c c++ --disable-multilib --with-sysroot=/usr/local/gcc_system_root --program-suffix=-11]
  ignore line: [Thread model: posix]
  ignore line: [Supported LTO compression algorithms: zlib]
  ignore line: [gcc version 12.0.0 20210505 (experimental) (GCC) ]
  ignore line: [COMPILER_PATH=/usr/local/gcc-11/libexec/gcc/x86_64-apple-darwin20.3.0/12.0.0/:/usr/local/gcc-11/libexec/gcc/x86_64-apple-darwin20.3.0/12.0.0/:/usr/local/gcc-11/libexec/gcc/x86_64-apple-darwin20.3.0/:/usr/local/gcc-11/lib/gcc/x86_64-apple-darwin20.3.0/12.0.0/:/usr/local/gcc-11/lib/gcc/x86_64-apple-darwin20.3.0/]
  ignore line: [LIBRARY_PATH=/usr/local/gcc-11/lib/gcc/x86_64-apple-darwin20.3.0/12.0.0/:/usr/local/gcc-11/lib/gcc/x86_64-apple-darwin20.3.0/12.0.0/../../../]
  ignore line: [COLLECT_GCC_OPTIONS='-isysroot' '/Applications/Xcode.app/Contents/Developer/Platforms/MacOSX.platform/Developer/SDKs/MacOSX11.1.sdk' '-v' '-o' 'cmTC_6f294' '-mmacosx-version-min=11.2.0' '-asm_macosx_version_min=11.2' '-shared-libgcc' '-mtune=core2' '-dumpdir' 'cmTC_6f294.']
  link line: [ /usr/local/gcc-11/libexec/gcc/x86_64-apple-darwin20.3.0/12.0.0/collect2 -dynamic -arch x86_64 -macosx_version_min 11.2.0 -syslibroot /Applications/Xcode.app/Contents/Developer/Platforms/MacOSX.platform/Developer/SDKs/MacOSX11.1.sdk -weak_reference_mismatches non-weak -o cmTC_6f294 -L/usr/local/gcc-11/lib/gcc/x86_64-apple-darwin20.3.0/12.0.0 -L/usr/local/gcc-11/lib/gcc/x86_64-apple-darwin20.3.0/12.0.0/../../.. -search_paths_first -headerpad_max_install_names -v CMakeFiles/cmTC_6f294.dir/CMakeCXXCompilerABI.cpp.o -lstdc++ -lSystem -lgcc_ext.10.5 -lgcc -lSystem -no_compact_unwind -v]
    arg [/usr/local/gcc-11/libexec/gcc/x86_64-apple-darwin20.3.0/12.0.0/collect2] ==> ignore
    arg [-dynamic] ==> ignore
    arg [-arch] ==> ignore
    arg [x86_64] ==> ignore
    arg [-macosx_version_min] ==> ignore
    arg [11.2.0] ==> ignore
    arg [-syslibroot] ==> ignore
    arg [/Applications/Xcode.app/Contents/Developer/Platforms/MacOSX.platform/Developer/SDKs/MacOSX11.1.sdk] ==> ignore
    arg [-weak_reference_mismatches] ==> ignore
    arg [non-weak] ==> ignore
    arg [-o] ==> ignore
    arg [cmTC_6f294] ==> ignore
    arg [-L/usr/local/gcc-11/lib/gcc/x86_64-apple-darwin20.3.0/12.0.0] ==> dir [/usr/local/gcc-11/lib/gcc/x86_64-apple-darwin20.3.0/12.0.0]
    arg [-L/usr/local/gcc-11/lib/gcc/x86_64-apple-darwin20.3.0/12.0.0/../../..] ==> dir [/usr/local/gcc-11/lib/gcc/x86_64-apple-darwin20.3.0/12.0.0/../../..]
    arg [-search_paths_first] ==> ignore
    arg [-headerpad_max_install_names] ==> ignore
    arg [-v] ==> ignore
    arg [CMakeFiles/cmTC_6f294.dir/CMakeCXXCompilerABI.cpp.o] ==> ignore
    arg [-lstdc++] ==> lib [stdc++]
    arg [-lSystem] ==> lib [System]
    arg [-lgcc_ext.10.5] ==> lib [gcc_ext.10.5]
    arg [-lgcc] ==> lib [gcc]
    arg [-lSystem] ==> lib [System]
    arg [-no_compact_unwind] ==> ignore
    arg [-v] ==> ignore
  Library search paths: [;/usr/local/gcc-11/lib/gcc/x86_64-apple-darwin20.3.0/12.0.0;/usr/local/gcc-11/lib;/Applications/Xcode.app/Contents/Developer/Platforms/MacOSX.platform/Developer/SDKs/MacOSX11.1.sdk/usr/lib]
  Framework search paths: [;/Applications/Xcode.app/Contents/Developer/Platforms/MacOSX.platform/Developer/SDKs/MacOSX11.1.sdk/System/Library/Frameworks/]
  remove lib [System]
  remove lib [System]
  collapse library dir [/usr/local/gcc-11/lib/gcc/x86_64-apple-darwin20.3.0/12.0.0] ==> [/usr/local/gcc-11/lib/gcc/x86_64-apple-darwin20.3.0/12.0.0]
  collapse library dir [/usr/local/gcc-11/lib/gcc/x86_64-apple-darwin20.3.0/12.0.0/../../..] ==> [/usr/local/gcc-11/lib]
  collapse library dir [/usr/local/gcc-11/lib/gcc/x86_64-apple-darwin20.3.0/12.0.0] ==> [/usr/local/gcc-11/lib/gcc/x86_64-apple-darwin20.3.0/12.0.0]
  collapse library dir [/usr/local/gcc-11/lib] ==> [/usr/local/gcc-11/lib]
  collapse library dir [/Applications/Xcode.app/Contents/Developer/Platforms/MacOSX.platform/Developer/SDKs/MacOSX11.1.sdk/usr/lib] ==> [/Applications/Xcode.app/Contents/Developer/Platforms/MacOSX.platform/Developer/SDKs/MacOSX11.1.sdk/usr/lib]
  collapse framework dir [/Applications/Xcode.app/Contents/Developer/Platforms/MacOSX.platform/Developer/SDKs/MacOSX11.1.sdk/System/Library/Frameworks/] ==> [/Applications/Xcode.app/Contents/Developer/Platforms/MacOSX.platform/Developer/SDKs/MacOSX11.1.sdk/System/Library/Frameworks]
  implicit libs: [stdc++;gcc_ext.10.5;gcc]
  implicit dirs: [/usr/local/gcc-11/lib/gcc/x86_64-apple-darwin20.3.0/12.0.0;/usr/local/gcc-11/lib;/Applications/Xcode.app/Contents/Developer/Platforms/MacOSX.platform/Developer/SDKs/MacOSX11.1.sdk/usr/lib]
  implicit fwks: [/Applications/Xcode.app/Contents/Developer/Platforms/MacOSX.platform/Developer/SDKs/MacOSX11.1.sdk/System/Library/Frameworks]


The system is: Darwin - 20.3.0 - x86_64
Compiling the C compiler identification source file "CMakeCCompilerId.c" succeeded.
Compiler: /usr/local/gcc-11/bin/gcc-11 
Build flags: 
Id flags:  

The output was:
0


Compilation of the C compiler identification source "CMakeCCompilerId.c" produced "a.out"

The C compiler identification is GNU, found in "/Users/georgewang/Documents/LearnCode/cpptest/build/CMakeFiles/3.20.2/CompilerIdC/a.out"

Compiling the CXX compiler identification source file "CMakeCXXCompilerId.cpp" succeeded.
Compiler: /usr/local/gcc-11/bin/g++-11 
Build flags: 
Id flags:  

The output was:
0


Compilation of the CXX compiler identification source "CMakeCXXCompilerId.cpp" produced "a.out"

The CXX compiler identification is GNU, found in "/Users/georgewang/Documents/LearnCode/cpptest/build/CMakeFiles/3.20.2/CompilerIdCXX/a.out"

Detecting C compiler ABI info compiled with the following output:
Change Dir: /Users/georgewang/Documents/LearnCode/cpptest/build/CMakeFiles/CMakeTmp

Run Build Command(s):/usr/local/bin/ninja cmTC_18e9c && [1/2] Building C object CMakeFiles/cmTC_18e9c.dir/CMakeCCompilerABI.c.o
Using built-in specs.
COLLECT_GCC=/usr/local/gcc-11/bin/gcc-11
Target: x86_64-apple-darwin20.3.0
Configured with: ../gcc-11/configure --prefix=/usr/local/gcc-11 --enable-checking=release --enable-languages=c,c++ --disable-multilib --with-sysroot=/usr/local/gcc_system_root --program-suffix=-11
Thread model: posix
Supported LTO compression algorithms: zlib
gcc version 12.0.0 20210505 (experimental) (GCC) 
COLLECT_GCC_OPTIONS='-isysroot' '/Applications/Xcode.app/Contents/Developer/Platforms/MacOSX.platform/Developer/SDKs/MacOSX11.1.sdk' '-v' '-o' 'CMakeFiles/cmTC_18e9c.dir/CMakeCCompilerABI.c.o' '-c' '-mmacosx-version-min=11.2.0' '-asm_macosx_version_min=11.2' '-mtune=core2' '-dumpdir' 'CMakeFiles/cmTC_18e9c.dir/'
 /usr/local/gcc-11/libexec/gcc/x86_64-apple-darwin20.3.0/12.0.0/cc1 -quiet -v -D__DYNAMIC__ -isysroot /Applications/Xcode.app/Contents/Developer/Platforms/MacOSX.platform/Developer/SDKs/MacOSX11.1.sdk /usr/local/Cellar/cmake/3.20.2/share/cmake/Modules/CMakeCCompilerABI.c -fPIC -quiet -dumpdir CMakeFiles/cmTC_18e9c.dir/ -dumpbase CMakeCCompilerABI.c.c -dumpbase-ext .c -mmacosx-version-min=11.2.0 -mtune=core2 -version -o /var/folders/7n/ylrt2wfx1w79n_1nkczhvzr00000gn/T//ccT2M4Kw.s
GNU C17 (GCC) version 12.0.0 20210505 (experimental) (x86_64-apple-darwin20.3.0)
	compiled by GNU C version 12.0.0 20210505 (experimental), GMP version 6.1.0, MPFR version 3.1.4, MPC version 1.0.3, isl version isl-0.18-GMP

GGC heuristics: --param ggc-min-expand=100 --param ggc-min-heapsize=131072
ignoring nonexistent directory "/Applications/Xcode.app/Contents/Developer/Platforms/MacOSX.platform/Developer/SDKs/MacOSX11.1.sdk/usr/local/include"
ignoring nonexistent directory "/usr/local/gcc-11/lib/gcc/x86_64-apple-darwin20.3.0/12.0.0/../../../../x86_64-apple-darwin20.3.0/include"
ignoring nonexistent directory "/Applications/Xcode.app/Contents/Developer/Platforms/MacOSX.platform/Developer/SDKs/MacOSX11.1.sdk/Library/Frameworks"
#include "..." search starts here:
#include <...> search starts here:
 /usr/local/gcc-11/lib/gcc/x86_64-apple-darwin20.3.0/12.0.0/include
 /usr/local/gcc-11/lib/gcc/x86_64-apple-darwin20.3.0/12.0.0/include-fixed
 /Applications/Xcode.app/Contents/Developer/Platforms/MacOSX.platform/Developer/SDKs/MacOSX11.1.sdk/usr/include
 /Applications/Xcode.app/Contents/Developer/Platforms/MacOSX.platform/Developer/SDKs/MacOSX11.1.sdk/System/Library/Frameworks
End of search list.
GNU C17 (GCC) version 12.0.0 20210505 (experimental) (x86_64-apple-darwin20.3.0)
	compiled by GNU C version 12.0.0 20210505 (experimental), GMP version 6.1.0, MPFR version 3.1.4, MPC version 1.0.3, isl version isl-0.18-GMP

GGC heuristics: --param ggc-min-expand=100 --param ggc-min-heapsize=131072
Compiler executable checksum: bf82e03b317761ae4b61ccf3806abd4d
COLLECT_GCC_OPTIONS='-isysroot' '/Applications/Xcode.app/Contents/Developer/Platforms/MacOSX.platform/Developer/SDKs/MacOSX11.1.sdk' '-v' '-o' 'CMakeFiles/cmTC_18e9c.dir/CMakeCCompilerABI.c.o' '-c' '-mmacosx-version-min=11.2.0'  '-mtune=core2' '-dumpdir' 'CMakeFiles/cmTC_18e9c.dir/'
 as -arch x86_64 -v -force_cpusubtype_ALL -mmacosx-version-min=11.2 -o CMakeFiles/cmTC_18e9c.dir/CMakeCCompilerABI.c.o /var/folders/7n/ylrt2wfx1w79n_1nkczhvzr00000gn/T//ccT2M4Kw.s
Apple clang version 12.0.0 (clang-1200.0.32.29)
Target: x86_64-apple-darwin20.3.0
Thread model: posix
InstalledDir: /Applications/Xcode.app/Contents/Developer/Toolchains/XcodeDefault.xctoolchain/usr/bin
 "/Applications/Xcode.app/Contents/Developer/Toolchains/XcodeDefault.xctoolchain/usr/bin/clang" -cc1as -triple x86_64-apple-macosx11.2.0 -filetype obj -main-file-name ccT2M4Kw.s -target-cpu penryn -fdebug-compilation-dir /Users/georgewang/Documents/LearnCode/cpptest/build/CMakeFiles/CMakeTmp -dwarf-debug-producer "Apple clang version 12.0.0 (clang-1200.0.32.29)" -dwarf-version=4 -mrelocation-model pic -o CMakeFiles/cmTC_18e9c.dir/CMakeCCompilerABI.c.o /var/folders/7n/ylrt2wfx1w79n_1nkczhvzr00000gn/T//ccT2M4Kw.s
COMPILER_PATH=/usr/local/gcc-11/libexec/gcc/x86_64-apple-darwin20.3.0/12.0.0/:/usr/local/gcc-11/libexec/gcc/x86_64-apple-darwin20.3.0/12.0.0/:/usr/local/gcc-11/libexec/gcc/x86_64-apple-darwin20.3.0/:/usr/local/gcc-11/lib/gcc/x86_64-apple-darwin20.3.0/12.0.0/:/usr/local/gcc-11/lib/gcc/x86_64-apple-darwin20.3.0/
LIBRARY_PATH=/usr/local/gcc-11/lib/gcc/x86_64-apple-darwin20.3.0/12.0.0/:/usr/local/gcc-11/lib/gcc/x86_64-apple-darwin20.3.0/12.0.0/../../../
COLLECT_GCC_OPTIONS='-isysroot' '/Applications/Xcode.app/Contents/Developer/Platforms/MacOSX.platform/Developer/SDKs/MacOSX11.1.sdk' '-v' '-o' 'CMakeFiles/cmTC_18e9c.dir/CMakeCCompilerABI.c.o' '-c' '-mmacosx-version-min=11.2.0'  '-mtune=core2' '-dumpdir' 'CMakeFiles/cmTC_18e9c.dir/CMakeCCompilerABI.c.'
[2/2] Linking C executable cmTC_18e9c
Using built-in specs.
COLLECT_GCC=/usr/local/gcc-11/bin/gcc-11
COLLECT_LTO_WRAPPER=/usr/local/gcc-11/libexec/gcc/x86_64-apple-darwin20.3.0/12.0.0/lto-wrapper
Target: x86_64-apple-darwin20.3.0
Configured with: ../gcc-11/configure --prefix=/usr/local/gcc-11 --enable-checking=release --enable-languages=c,c++ --disable-multilib --with-sysroot=/usr/local/gcc_system_root --program-suffix=-11
Thread model: posix
Supported LTO compression algorithms: zlib
gcc version 12.0.0 20210505 (experimental) (GCC) 
COMPILER_PATH=/usr/local/gcc-11/libexec/gcc/x86_64-apple-darwin20.3.0/12.0.0/:/usr/local/gcc-11/libexec/gcc/x86_64-apple-darwin20.3.0/12.0.0/:/usr/local/gcc-11/libexec/gcc/x86_64-apple-darwin20.3.0/:/usr/local/gcc-11/lib/gcc/x86_64-apple-darwin20.3.0/12.0.0/:/usr/local/gcc-11/lib/gcc/x86_64-apple-darwin20.3.0/
LIBRARY_PATH=/usr/local/gcc-11/lib/gcc/x86_64-apple-darwin20.3.0/12.0.0/:/usr/local/gcc-11/lib/gcc/x86_64-apple-darwin20.3.0/12.0.0/../../../
COLLECT_GCC_OPTIONS='-isysroot' '/Applications/Xcode.app/Contents/Developer/Platforms/MacOSX.platform/Developer/SDKs/MacOSX11.1.sdk' '-v' '-o' 'cmTC_18e9c' '-mmacosx-version-min=11.2.0' '-asm_macosx_version_min=11.2' '-mtune=core2' '-dumpdir' 'cmTC_18e9c.'
 /usr/local/gcc-11/libexec/gcc/x86_64-apple-darwin20.3.0/12.0.0/collect2 -dynamic -arch x86_64 -macosx_version_min 11.2.0 -syslibroot /Applications/Xcode.app/Contents/Developer/Platforms/MacOSX.platform/Developer/SDKs/MacOSX11.1.sdk -weak_reference_mismatches non-weak -o cmTC_18e9c -L/usr/local/gcc-11/lib/gcc/x86_64-apple-darwin20.3.0/12.0.0 -L/usr/local/gcc-11/lib/gcc/x86_64-apple-darwin20.3.0/12.0.0/../../.. -search_paths_first -headerpad_max_install_names -v CMakeFiles/cmTC_18e9c.dir/CMakeCCompilerABI.c.o -lSystem -lgcc_ext.10.5 -lgcc -lSystem -no_compact_unwind -v
collect2 version 12.0.0 20210505 (experimental)
/usr/bin/ld -dynamic -arch x86_64 -macosx_version_min 11.2.0 -syslibroot /Applications/Xcode.app/Contents/Developer/Platforms/MacOSX.platform/Developer/SDKs/MacOSX11.1.sdk -weak_reference_mismatches non-weak -o cmTC_18e9c -L/usr/local/gcc-11/lib/gcc/x86_64-apple-darwin20.3.0/12.0.0 -L/usr/local/gcc-11/lib/gcc/x86_64-apple-darwin20.3.0/12.0.0/../../.. -search_paths_first -headerpad_max_install_names -v CMakeFiles/cmTC_18e9c.dir/CMakeCCompilerABI.c.o -lSystem -lgcc_ext.10.5 -lgcc -lSystem -no_compact_unwind -v
@(#)PROGRAM:ld  PROJECT:ld64-609.8
BUILD 15:07:46 Dec 18 2020
configured to support archs: armv6 armv7 armv7s arm64 arm64e arm64_32 i386 x86_64 x86_64h armv6m armv7k armv7m armv7em
@(#)PROGRAM:ld  PROJECT:ld64-609.8
BUILD 15:07:46 Dec 18 2020
configured to support archs: armv6 armv7 armv7s arm64 arm64e arm64_32 i386 x86_64 x86_64h armv6m armv7k armv7m armv7em
Library search paths:
	/usr/local/gcc-11/lib/gcc/x86_64-apple-darwin20.3.0/12.0.0
	/usr/local/gcc-11/lib
	/Applications/Xcode.app/Contents/Developer/Platforms/MacOSX.platform/Developer/SDKs/MacOSX11.1.sdk/usr/lib
Framework search paths:
	/Applications/Xcode.app/Contents/Developer/Platforms/MacOSX.platform/Developer/SDKs/MacOSX11.1.sdk/System/Library/Frameworks/



Parsed C implicit include dir info from above output: rv=done
  found start of include info
  found start of implicit include info
    add: [/usr/local/gcc-11/lib/gcc/x86_64-apple-darwin20.3.0/12.0.0/include]
    add: [/usr/local/gcc-11/lib/gcc/x86_64-apple-darwin20.3.0/12.0.0/include-fixed]
    add: [/Applications/Xcode.app/Contents/Developer/Platforms/MacOSX.platform/Developer/SDKs/MacOSX11.1.sdk/usr/include]
    add: [/Applications/Xcode.app/Contents/Developer/Platforms/MacOSX.platform/Developer/SDKs/MacOSX11.1.sdk/System/Library/Frameworks]
  end of search list found
  collapse include dir [/usr/local/gcc-11/lib/gcc/x86_64-apple-darwin20.3.0/12.0.0/include] ==> [/usr/local/gcc-11/lib/gcc/x86_64-apple-darwin20.3.0/12.0.0/include]
  collapse include dir [/usr/local/gcc-11/lib/gcc/x86_64-apple-darwin20.3.0/12.0.0/include-fixed] ==> [/usr/local/gcc-11/lib/gcc/x86_64-apple-darwin20.3.0/12.0.0/include-fixed]
  collapse include dir [/Applications/Xcode.app/Contents/Developer/Platforms/MacOSX.platform/Developer/SDKs/MacOSX11.1.sdk/usr/include] ==> [/Applications/Xcode.app/Contents/Developer/Platforms/MacOSX.platform/Developer/SDKs/MacOSX11.1.sdk/usr/include]
  collapse include dir [/Applications/Xcode.app/Contents/Developer/Platforms/MacOSX.platform/Developer/SDKs/MacOSX11.1.sdk/System/Library/Frameworks] ==> [/Applications/Xcode.app/Contents/Developer/Platforms/MacOSX.platform/Developer/SDKs/MacOSX11.1.sdk/System/Library/Frameworks]
  implicit include dirs: [/usr/local/gcc-11/lib/gcc/x86_64-apple-darwin20.3.0/12.0.0/include;/usr/local/gcc-11/lib/gcc/x86_64-apple-darwin20.3.0/12.0.0/include-fixed;/Applications/Xcode.app/Contents/Developer/Platforms/MacOSX.platform/Developer/SDKs/MacOSX11.1.sdk/usr/include;/Applications/Xcode.app/Contents/Developer/Platforms/MacOSX.platform/Developer/SDKs/MacOSX11.1.sdk/System/Library/Frameworks]


Parsed C implicit link information from above output:
  link line regex: [^( *|.*[/\])(ld|CMAKE_LINK_STARTFILE-NOTFOUND|([^/\]+-)?ld|collect2)[^/\]*( |$)]
  ignore line: [Change Dir: /Users/georgewang/Documents/LearnCode/cpptest/build/CMakeFiles/CMakeTmp]
  ignore line: []
  ignore line: [Run Build Command(s):/usr/local/bin/ninja cmTC_18e9c && [1/2] Building C object CMakeFiles/cmTC_18e9c.dir/CMakeCCompilerABI.c.o]
  ignore line: [Using built-in specs.]
  ignore line: [COLLECT_GCC=/usr/local/gcc-11/bin/gcc-11]
  ignore line: [Target: x86_64-apple-darwin20.3.0]
  ignore line: [Configured with: ../gcc-11/configure --prefix=/usr/local/gcc-11 --enable-checking=release --enable-languages=c c++ --disable-multilib --with-sysroot=/usr/local/gcc_system_root --program-suffix=-11]
  ignore line: [Thread model: posix]
  ignore line: [Supported LTO compression algorithms: zlib]
  ignore line: [gcc version 12.0.0 20210505 (experimental) (GCC) ]
  ignore line: [COLLECT_GCC_OPTIONS='-isysroot' '/Applications/Xcode.app/Contents/Developer/Platforms/MacOSX.platform/Developer/SDKs/MacOSX11.1.sdk' '-v' '-o' 'CMakeFiles/cmTC_18e9c.dir/CMakeCCompilerABI.c.o' '-c' '-mmacosx-version-min=11.2.0' '-asm_macosx_version_min=11.2' '-mtune=core2' '-dumpdir' 'CMakeFiles/cmTC_18e9c.dir/']
  ignore line: [ /usr/local/gcc-11/libexec/gcc/x86_64-apple-darwin20.3.0/12.0.0/cc1 -quiet -v -D__DYNAMIC__ -isysroot /Applications/Xcode.app/Contents/Developer/Platforms/MacOSX.platform/Developer/SDKs/MacOSX11.1.sdk /usr/local/Cellar/cmake/3.20.2/share/cmake/Modules/CMakeCCompilerABI.c -fPIC -quiet -dumpdir CMakeFiles/cmTC_18e9c.dir/ -dumpbase CMakeCCompilerABI.c.c -dumpbase-ext .c -mmacosx-version-min=11.2.0 -mtune=core2 -version -o /var/folders/7n/ylrt2wfx1w79n_1nkczhvzr00000gn/T//ccT2M4Kw.s]
  ignore line: [GNU C17 (GCC) version 12.0.0 20210505 (experimental) (x86_64-apple-darwin20.3.0)]
  ignore line: [	compiled by GNU C version 12.0.0 20210505 (experimental)  GMP version 6.1.0  MPFR version 3.1.4  MPC version 1.0.3  isl version isl-0.18-GMP]
  ignore line: []
  ignore line: [GGC heuristics: --param ggc-min-expand=100 --param ggc-min-heapsize=131072]
  ignore line: [ignoring nonexistent directory "/Applications/Xcode.app/Contents/Developer/Platforms/MacOSX.platform/Developer/SDKs/MacOSX11.1.sdk/usr/local/include"]
  ignore line: [ignoring nonexistent directory "/usr/local/gcc-11/lib/gcc/x86_64-apple-darwin20.3.0/12.0.0/../../../../x86_64-apple-darwin20.3.0/include"]
  ignore line: [ignoring nonexistent directory "/Applications/Xcode.app/Contents/Developer/Platforms/MacOSX.platform/Developer/SDKs/MacOSX11.1.sdk/Library/Frameworks"]
  ignore line: [#include "..." search starts here:]
  ignore line: [#include <...> search starts here:]
  ignore line: [ /usr/local/gcc-11/lib/gcc/x86_64-apple-darwin20.3.0/12.0.0/include]
  ignore line: [ /usr/local/gcc-11/lib/gcc/x86_64-apple-darwin20.3.0/12.0.0/include-fixed]
  ignore line: [ /Applications/Xcode.app/Contents/Developer/Platforms/MacOSX.platform/Developer/SDKs/MacOSX11.1.sdk/usr/include]
  ignore line: [ /Applications/Xcode.app/Contents/Developer/Platforms/MacOSX.platform/Developer/SDKs/MacOSX11.1.sdk/System/Library/Frameworks]
  ignore line: [End of search list.]
  ignore line: [GNU C17 (GCC) version 12.0.0 20210505 (experimental) (x86_64-apple-darwin20.3.0)]
  ignore line: [	compiled by GNU C version 12.0.0 20210505 (experimental)  GMP version 6.1.0  MPFR version 3.1.4  MPC version 1.0.3  isl version isl-0.18-GMP]
  ignore line: []
  ignore line: [GGC heuristics: --param ggc-min-expand=100 --param ggc-min-heapsize=131072]
  ignore line: [Compiler executable checksum: bf82e03b317761ae4b61ccf3806abd4d]
  ignore line: [COLLECT_GCC_OPTIONS='-isysroot' '/Applications/Xcode.app/Contents/Developer/Platforms/MacOSX.platform/Developer/SDKs/MacOSX11.1.sdk' '-v' '-o' 'CMakeFiles/cmTC_18e9c.dir/CMakeCCompilerABI.c.o' '-c' '-mmacosx-version-min=11.2.0'  '-mtune=core2' '-dumpdir' 'CMakeFiles/cmTC_18e9c.dir/']
  ignore line: [ as -arch x86_64 -v -force_cpusubtype_ALL -mmacosx-version-min=11.2 -o CMakeFiles/cmTC_18e9c.dir/CMakeCCompilerABI.c.o /var/folders/7n/ylrt2wfx1w79n_1nkczhvzr00000gn/T//ccT2M4Kw.s]
  ignore line: [Apple clang version 12.0.0 (clang-1200.0.32.29)]
  ignore line: [Target: x86_64-apple-darwin20.3.0]
  ignore line: [Thread model: posix]
  ignore line: [InstalledDir: /Applications/Xcode.app/Contents/Developer/Toolchains/XcodeDefault.xctoolchain/usr/bin]
  ignore line: [ "/Applications/Xcode.app/Contents/Developer/Toolchains/XcodeDefault.xctoolchain/usr/bin/clang" -cc1as -triple x86_64-apple-macosx11.2.0 -filetype obj -main-file-name ccT2M4Kw.s -target-cpu penryn -fdebug-compilation-dir /Users/georgewang/Documents/LearnCode/cpptest/build/CMakeFiles/CMakeTmp -dwarf-debug-producer "Apple clang version 12.0.0 (clang-1200.0.32.29)" -dwarf-version=4 -mrelocation-model pic -o CMakeFiles/cmTC_18e9c.dir/CMakeCCompilerABI.c.o /var/folders/7n/ylrt2wfx1w79n_1nkczhvzr00000gn/T//ccT2M4Kw.s]
  ignore line: [COMPILER_PATH=/usr/local/gcc-11/libexec/gcc/x86_64-apple-darwin20.3.0/12.0.0/:/usr/local/gcc-11/libexec/gcc/x86_64-apple-darwin20.3.0/12.0.0/:/usr/local/gcc-11/libexec/gcc/x86_64-apple-darwin20.3.0/:/usr/local/gcc-11/lib/gcc/x86_64-apple-darwin20.3.0/12.0.0/:/usr/local/gcc-11/lib/gcc/x86_64-apple-darwin20.3.0/]
  ignore line: [LIBRARY_PATH=/usr/local/gcc-11/lib/gcc/x86_64-apple-darwin20.3.0/12.0.0/:/usr/local/gcc-11/lib/gcc/x86_64-apple-darwin20.3.0/12.0.0/../../../]
  ignore line: [COLLECT_GCC_OPTIONS='-isysroot' '/Applications/Xcode.app/Contents/Developer/Platforms/MacOSX.platform/Developer/SDKs/MacOSX11.1.sdk' '-v' '-o' 'CMakeFiles/cmTC_18e9c.dir/CMakeCCompilerABI.c.o' '-c' '-mmacosx-version-min=11.2.0'  '-mtune=core2' '-dumpdir' 'CMakeFiles/cmTC_18e9c.dir/CMakeCCompilerABI.c.']
  ignore line: [[2/2] Linking C executable cmTC_18e9c]
  ignore line: [Using built-in specs.]
  ignore line: [COLLECT_GCC=/usr/local/gcc-11/bin/gcc-11]
  ignore line: [COLLECT_LTO_WRAPPER=/usr/local/gcc-11/libexec/gcc/x86_64-apple-darwin20.3.0/12.0.0/lto-wrapper]
  ignore line: [Target: x86_64-apple-darwin20.3.0]
  ignore line: [Configured with: ../gcc-11/configure --prefix=/usr/local/gcc-11 --enable-checking=release --enable-languages=c c++ --disable-multilib --with-sysroot=/usr/local/gcc_system_root --program-suffix=-11]
  ignore line: [Thread model: posix]
  ignore line: [Supported LTO compression algorithms: zlib]
  ignore line: [gcc version 12.0.0 20210505 (experimental) (GCC) ]
  ignore line: [COMPILER_PATH=/usr/local/gcc-11/libexec/gcc/x86_64-apple-darwin20.3.0/12.0.0/:/usr/local/gcc-11/libexec/gcc/x86_64-apple-darwin20.3.0/12.0.0/:/usr/local/gcc-11/libexec/gcc/x86_64-apple-darwin20.3.0/:/usr/local/gcc-11/lib/gcc/x86_64-apple-darwin20.3.0/12.0.0/:/usr/local/gcc-11/lib/gcc/x86_64-apple-darwin20.3.0/]
  ignore line: [LIBRARY_PATH=/usr/local/gcc-11/lib/gcc/x86_64-apple-darwin20.3.0/12.0.0/:/usr/local/gcc-11/lib/gcc/x86_64-apple-darwin20.3.0/12.0.0/../../../]
  ignore line: [COLLECT_GCC_OPTIONS='-isysroot' '/Applications/Xcode.app/Contents/Developer/Platforms/MacOSX.platform/Developer/SDKs/MacOSX11.1.sdk' '-v' '-o' 'cmTC_18e9c' '-mmacosx-version-min=11.2.0' '-asm_macosx_version_min=11.2' '-mtune=core2' '-dumpdir' 'cmTC_18e9c.']
  link line: [ /usr/local/gcc-11/libexec/gcc/x86_64-apple-darwin20.3.0/12.0.0/collect2 -dynamic -arch x86_64 -macosx_version_min 11.2.0 -syslibroot /Applications/Xcode.app/Contents/Developer/Platforms/MacOSX.platform/Developer/SDKs/MacOSX11.1.sdk -weak_reference_mismatches non-weak -o cmTC_18e9c -L/usr/local/gcc-11/lib/gcc/x86_64-apple-darwin20.3.0/12.0.0 -L/usr/local/gcc-11/lib/gcc/x86_64-apple-darwin20.3.0/12.0.0/../../.. -search_paths_first -headerpad_max_install_names -v CMakeFiles/cmTC_18e9c.dir/CMakeCCompilerABI.c.o -lSystem -lgcc_ext.10.5 -lgcc -lSystem -no_compact_unwind -v]
    arg [/usr/local/gcc-11/libexec/gcc/x86_64-apple-darwin20.3.0/12.0.0/collect2] ==> ignore
    arg [-dynamic] ==> ignore
    arg [-arch] ==> ignore
    arg [x86_64] ==> ignore
    arg [-macosx_version_min] ==> ignore
    arg [11.2.0] ==> ignore
    arg [-syslibroot] ==> ignore
    arg [/Applications/Xcode.app/Contents/Developer/Platforms/MacOSX.platform/Developer/SDKs/MacOSX11.1.sdk] ==> ignore
    arg [-weak_reference_mismatches] ==> ignore
    arg [non-weak] ==> ignore
    arg [-o] ==> ignore
    arg [cmTC_18e9c] ==> ignore
    arg [-L/usr/local/gcc-11/lib/gcc/x86_64-apple-darwin20.3.0/12.0.0] ==> dir [/usr/local/gcc-11/lib/gcc/x86_64-apple-darwin20.3.0/12.0.0]
    arg [-L/usr/local/gcc-11/lib/gcc/x86_64-apple-darwin20.3.0/12.0.0/../../..] ==> dir [/usr/local/gcc-11/lib/gcc/x86_64-apple-darwin20.3.0/12.0.0/../../..]
    arg [-search_paths_first] ==> ignore
    arg [-headerpad_max_install_names] ==> ignore
    arg [-v] ==> ignore
    arg [CMakeFiles/cmTC_18e9c.dir/CMakeCCompilerABI.c.o] ==> ignore
    arg [-lSystem] ==> lib [System]
    arg [-lgcc_ext.10.5] ==> lib [gcc_ext.10.5]
    arg [-lgcc] ==> lib [gcc]
    arg [-lSystem] ==> lib [System]
    arg [-no_compact_unwind] ==> ignore
    arg [-v] ==> ignore
  Library search paths: [;/usr/local/gcc-11/lib/gcc/x86_64-apple-darwin20.3.0/12.0.0;/usr/local/gcc-11/lib;/Applications/Xcode.app/Contents/Developer/Platforms/MacOSX.platform/Developer/SDKs/MacOSX11.1.sdk/usr/lib]
  Framework search paths: [;/Applications/Xcode.app/Contents/Developer/Platforms/MacOSX.platform/Developer/SDKs/MacOSX11.1.sdk/System/Library/Frameworks/]
  remove lib [System]
  remove lib [System]
  collapse library dir [/usr/local/gcc-11/lib/gcc/x86_64-apple-darwin20.3.0/12.0.0] ==> [/usr/local/gcc-11/lib/gcc/x86_64-apple-darwin20.3.0/12.0.0]
  collapse library dir [/usr/local/gcc-11/lib/gcc/x86_64-apple-darwin20.3.0/12.0.0/../../..] ==> [/usr/local/gcc-11/lib]
  collapse library dir [/usr/local/gcc-11/lib/gcc/x86_64-apple-darwin20.3.0/12.0.0] ==> [/usr/local/gcc-11/lib/gcc/x86_64-apple-darwin20.3.0/12.0.0]
  collapse library dir [/usr/local/gcc-11/lib] ==> [/usr/local/gcc-11/lib]
  collapse library dir [/Applications/Xcode.app/Contents/Developer/Platforms/MacOSX.platform/Developer/SDKs/MacOSX11.1.sdk/usr/lib] ==> [/Applications/Xcode.app/Contents/Developer/Platforms/MacOSX.platform/Developer/SDKs/MacOSX11.1.sdk/usr/lib]
  collapse framework dir [/Applications/Xcode.app/Contents/Developer/Platforms/MacOSX.platform/Developer/SDKs/MacOSX11.1.sdk/System/Library/Frameworks/] ==> [/Applications/Xcode.app/Contents/Developer/Platforms/MacOSX.platform/Developer/SDKs/MacOSX11.1.sdk/System/Library/Frameworks]
  implicit libs: [gcc_ext.10.5;gcc]
  implicit objs: []
  implicit dirs: [/usr/local/gcc-11/lib/gcc/x86_64-apple-darwin20.3.0/12.0.0;/usr/local/gcc-11/lib;/Applications/Xcode.app/Contents/Developer/Platforms/MacOSX.platform/Developer/SDKs/MacOSX11.1.sdk/usr/lib]
  implicit fwks: [/Applications/Xcode.app/Contents/Developer/Platforms/MacOSX.platform/Developer/SDKs/MacOSX11.1.sdk/System/Library/Frameworks]


Detecting CXX compiler ABI info compiled with the following output:
Change Dir: /Users/georgewang/Documents/LearnCode/cpptest/build/CMakeFiles/CMakeTmp

Run Build Command(s):/usr/local/bin/ninja cmTC_13163 && [1/2] Building CXX object CMakeFiles/cmTC_13163.dir/CMakeCXXCompilerABI.cpp.o
Using built-in specs.
COLLECT_GCC=/usr/local/gcc-11/bin/g++-11
Target: x86_64-apple-darwin20.3.0
Configured with: ../gcc-11/configure --prefix=/usr/local/gcc-11 --enable-checking=release --enable-languages=c,c++ --disable-multilib --with-sysroot=/usr/local/gcc_system_root --program-suffix=-11
Thread model: posix
Supported LTO compression algorithms: zlib
gcc version 12.0.0 20210505 (experimental) (GCC) 
COLLECT_GCC_OPTIONS='-isysroot' '/Applications/Xcode.app/Contents/Developer/Platforms/MacOSX.platform/Developer/SDKs/MacOSX11.1.sdk' '-v' '-o' 'CMakeFiles/cmTC_13163.dir/CMakeCXXCompilerABI.cpp.o' '-c' '-mmacosx-version-min=11.2.0' '-asm_macosx_version_min=11.2' '-shared-libgcc' '-mtune=core2' '-dumpdir' 'CMakeFiles/cmTC_13163.dir/'
 /usr/local/gcc-11/libexec/gcc/x86_64-apple-darwin20.3.0/12.0.0/cc1plus -quiet -v -D__DYNAMIC__ -isysroot /Applications/Xcode.app/Contents/Developer/Platforms/MacOSX.platform/Developer/SDKs/MacOSX11.1.sdk /usr/local/Cellar/cmake/3.20.2/share/cmake/Modules/CMakeCXXCompilerABI.cpp -fPIC -quiet -dumpdir CMakeFiles/cmTC_13163.dir/ -dumpbase CMakeCXXCompilerABI.cpp.cpp -dumpbase-ext .cpp -mmacosx-version-min=11.2.0 -mtune=core2 -version -o /var/folders/7n/ylrt2wfx1w79n_1nkczhvzr00000gn/T//ccFZVZ0F.s
GNU C++17 (GCC) version 12.0.0 20210505 (experimental) (x86_64-apple-darwin20.3.0)
	compiled by GNU C version 12.0.0 20210505 (experimental), GMP version 6.1.0, MPFR version 3.1.4, MPC version 1.0.3, isl version isl-0.18-GMP

GGC heuristics: --param ggc-min-expand=100 --param ggc-min-heapsize=131072
ignoring nonexistent directory "/Applications/Xcode.app/Contents/Developer/Platforms/MacOSX.platform/Developer/SDKs/MacOSX11.1.sdk/usr/local/include"
ignoring nonexistent directory "/usr/local/gcc-11/lib/gcc/x86_64-apple-darwin20.3.0/12.0.0/../../../../x86_64-apple-darwin20.3.0/include"
ignoring nonexistent directory "/Applications/Xcode.app/Contents/Developer/Platforms/MacOSX.platform/Developer/SDKs/MacOSX11.1.sdk/Library/Frameworks"
#include "..." search starts here:
#include <...> search starts here:
 /usr/local/gcc-11/lib/gcc/x86_64-apple-darwin20.3.0/12.0.0/../../../../include/c++/12.0.0
 /usr/local/gcc-11/lib/gcc/x86_64-apple-darwin20.3.0/12.0.0/../../../../include/c++/12.0.0/x86_64-apple-darwin20.3.0
 /usr/local/gcc-11/lib/gcc/x86_64-apple-darwin20.3.0/12.0.0/../../../../include/c++/12.0.0/backward
 /usr/local/gcc-11/lib/gcc/x86_64-apple-darwin20.3.0/12.0.0/include
 /usr/local/gcc-11/lib/gcc/x86_64-apple-darwin20.3.0/12.0.0/include-fixed
 /Applications/Xcode.app/Contents/Developer/Platforms/MacOSX.platform/Developer/SDKs/MacOSX11.1.sdk/usr/include
 /Applications/Xcode.app/Contents/Developer/Platforms/MacOSX.platform/Developer/SDKs/MacOSX11.1.sdk/System/Library/Frameworks
End of search list.
GNU C++17 (GCC) version 12.0.0 20210505 (experimental) (x86_64-apple-darwin20.3.0)
	compiled by GNU C version 12.0.0 20210505 (experimental), GMP version 6.1.0, MPFR version 3.1.4, MPC version 1.0.3, isl version isl-0.18-GMP

GGC heuristics: --param ggc-min-expand=100 --param ggc-min-heapsize=131072
Compiler executable checksum: 6aeeb0d55180922cfaf33ae8ad40ad4f
COLLECT_GCC_OPTIONS='-isysroot' '/Applications/Xcode.app/Contents/Developer/Platforms/MacOSX.platform/Developer/SDKs/MacOSX11.1.sdk' '-v' '-o' 'CMakeFiles/cmTC_13163.dir/CMakeCXXCompilerABI.cpp.o' '-c' '-mmacosx-version-min=11.2.0'  '-shared-libgcc' '-mtune=core2' '-dumpdir' 'CMakeFiles/cmTC_13163.dir/'
 as -arch x86_64 -v -force_cpusubtype_ALL -mmacosx-version-min=11.2 -o CMakeFiles/cmTC_13163.dir/CMakeCXXCompilerABI.cpp.o /var/folders/7n/ylrt2wfx1w79n_1nkczhvzr00000gn/T//ccFZVZ0F.s
Apple clang version 12.0.0 (clang-1200.0.32.29)
Target: x86_64-apple-darwin20.3.0
Thread model: posix
InstalledDir: /Applications/Xcode.app/Contents/Developer/Toolchains/XcodeDefault.xctoolchain/usr/bin
 "/Applications/Xcode.app/Contents/Developer/Toolchains/XcodeDefault.xctoolchain/usr/bin/clang" -cc1as -triple x86_64-apple-macosx11.2.0 -filetype obj -main-file-name ccFZVZ0F.s -target-cpu penryn -fdebug-compilation-dir /Users/georgewang/Documents/LearnCode/cpptest/build/CMakeFiles/CMakeTmp -dwarf-debug-producer "Apple clang version 12.0.0 (clang-1200.0.32.29)" -dwarf-version=4 -mrelocation-model pic -o CMakeFiles/cmTC_13163.dir/CMakeCXXCompilerABI.cpp.o /var/folders/7n/ylrt2wfx1w79n_1nkczhvzr00000gn/T//ccFZVZ0F.s
COMPILER_PATH=/usr/local/gcc-11/libexec/gcc/x86_64-apple-darwin20.3.0/12.0.0/:/usr/local/gcc-11/libexec/gcc/x86_64-apple-darwin20.3.0/12.0.0/:/usr/local/gcc-11/libexec/gcc/x86_64-apple-darwin20.3.0/:/usr/local/gcc-11/lib/gcc/x86_64-apple-darwin20.3.0/12.0.0/:/usr/local/gcc-11/lib/gcc/x86_64-apple-darwin20.3.0/
LIBRARY_PATH=/usr/local/gcc-11/lib/gcc/x86_64-apple-darwin20.3.0/12.0.0/:/usr/local/gcc-11/lib/gcc/x86_64-apple-darwin20.3.0/12.0.0/../../../
COLLECT_GCC_OPTIONS='-isysroot' '/Applications/Xcode.app/Contents/Developer/Platforms/MacOSX.platform/Developer/SDKs/MacOSX11.1.sdk' '-v' '-o' 'CMakeFiles/cmTC_13163.dir/CMakeCXXCompilerABI.cpp.o' '-c' '-mmacosx-version-min=11.2.0'  '-shared-libgcc' '-mtune=core2' '-dumpdir' 'CMakeFiles/cmTC_13163.dir/CMakeCXXCompilerABI.cpp.'
[2/2] Linking CXX executable cmTC_13163
Using built-in specs.
COLLECT_GCC=/usr/local/gcc-11/bin/g++-11
COLLECT_LTO_WRAPPER=/usr/local/gcc-11/libexec/gcc/x86_64-apple-darwin20.3.0/12.0.0/lto-wrapper
Target: x86_64-apple-darwin20.3.0
Configured with: ../gcc-11/configure --prefix=/usr/local/gcc-11 --enable-checking=release --enable-languages=c,c++ --disable-multilib --with-sysroot=/usr/local/gcc_system_root --program-suffix=-11
Thread model: posix
Supported LTO compression algorithms: zlib
gcc version 12.0.0 20210505 (experimental) (GCC) 
COMPILER_PATH=/usr/local/gcc-11/libexec/gcc/x86_64-apple-darwin20.3.0/12.0.0/:/usr/local/gcc-11/libexec/gcc/x86_64-apple-darwin20.3.0/12.0.0/:/usr/local/gcc-11/libexec/gcc/x86_64-apple-darwin20.3.0/:/usr/local/gcc-11/lib/gcc/x86_64-apple-darwin20.3.0/12.0.0/:/usr/local/gcc-11/lib/gcc/x86_64-apple-darwin20.3.0/
LIBRARY_PATH=/usr/local/gcc-11/lib/gcc/x86_64-apple-darwin20.3.0/12.0.0/:/usr/local/gcc-11/lib/gcc/x86_64-apple-darwin20.3.0/12.0.0/../../../
COLLECT_GCC_OPTIONS='-isysroot' '/Applications/Xcode.app/Contents/Developer/Platforms/MacOSX.platform/Developer/SDKs/MacOSX11.1.sdk' '-v' '-o' 'cmTC_13163' '-mmacosx-version-min=11.2.0' '-asm_macosx_version_min=11.2' '-shared-libgcc' '-mtune=core2' '-dumpdir' 'cmTC_13163.'
 /usr/local/gcc-11/libexec/gcc/x86_64-apple-darwin20.3.0/12.0.0/collect2 -dynamic -arch x86_64 -macosx_version_min 11.2.0 -syslibroot /Applications/Xcode.app/Contents/Developer/Platforms/MacOSX.platform/Developer/SDKs/MacOSX11.1.sdk -weak_reference_mismatches non-weak -o cmTC_13163 -L/usr/local/gcc-11/lib/gcc/x86_64-apple-darwin20.3.0/12.0.0 -L/usr/local/gcc-11/lib/gcc/x86_64-apple-darwin20.3.0/12.0.0/../../.. -search_paths_first -headerpad_max_install_names -v CMakeFiles/cmTC_13163.dir/CMakeCXXCompilerABI.cpp.o -lstdc++ -lSystem -lgcc_ext.10.5 -lgcc -lSystem -no_compact_unwind -v
collect2 version 12.0.0 20210505 (experimental)
/usr/bin/ld -dynamic -arch x86_64 -macosx_version_min 11.2.0 -syslibroot /Applications/Xcode.app/Contents/Developer/Platforms/MacOSX.platform/Developer/SDKs/MacOSX11.1.sdk -weak_reference_mismatches non-weak -o cmTC_13163 -L/usr/local/gcc-11/lib/gcc/x86_64-apple-darwin20.3.0/12.0.0 -L/usr/local/gcc-11/lib/gcc/x86_64-apple-darwin20.3.0/12.0.0/../../.. -search_paths_first -headerpad_max_install_names -v CMakeFiles/cmTC_13163.dir/CMakeCXXCompilerABI.cpp.o -lstdc++ -lSystem -lgcc_ext.10.5 -lgcc -lSystem -no_compact_unwind -v
@(#)PROGRAM:ld  PROJECT:ld64-609.8
BUILD 15:07:46 Dec 18 2020
configured to support archs: armv6 armv7 armv7s arm64 arm64e arm64_32 i386 x86_64 x86_64h armv6m armv7k armv7m armv7em
@(#)PROGRAM:ld  PROJECT:ld64-609.8
BUILD 15:07:46 Dec 18 2020
configured to support archs: armv6 armv7 armv7s arm64 arm64e arm64_32 i386 x86_64 x86_64h armv6m armv7k armv7m armv7em
Library search paths:
	/usr/local/gcc-11/lib/gcc/x86_64-apple-darwin20.3.0/12.0.0
	/usr/local/gcc-11/lib
	/Applications/Xcode.app/Contents/Developer/Platforms/MacOSX.platform/Developer/SDKs/MacOSX11.1.sdk/usr/lib
Framework search paths:
	/Applications/Xcode.app/Contents/Developer/Platforms/MacOSX.platform/Developer/SDKs/MacOSX11.1.sdk/System/Library/Frameworks/



Parsed CXX implicit include dir info from above output: rv=done
  found start of include info
  found start of implicit include info
    add: [/usr/local/gcc-11/lib/gcc/x86_64-apple-darwin20.3.0/12.0.0/../../../../include/c++/12.0.0]
    add: [/usr/local/gcc-11/lib/gcc/x86_64-apple-darwin20.3.0/12.0.0/../../../../include/c++/12.0.0/x86_64-apple-darwin20.3.0]
    add: [/usr/local/gcc-11/lib/gcc/x86_64-apple-darwin20.3.0/12.0.0/../../../../include/c++/12.0.0/backward]
    add: [/usr/local/gcc-11/lib/gcc/x86_64-apple-darwin20.3.0/12.0.0/include]
    add: [/usr/local/gcc-11/lib/gcc/x86_64-apple-darwin20.3.0/12.0.0/include-fixed]
    add: [/Applications/Xcode.app/Contents/Developer/Platforms/MacOSX.platform/Developer/SDKs/MacOSX11.1.sdk/usr/include]
    add: [/Applications/Xcode.app/Contents/Developer/Platforms/MacOSX.platform/Developer/SDKs/MacOSX11.1.sdk/System/Library/Frameworks]
  end of search list found
  collapse include dir [/usr/local/gcc-11/lib/gcc/x86_64-apple-darwin20.3.0/12.0.0/../../../../include/c++/12.0.0] ==> [/usr/local/gcc-11/include/c++/12.0.0]
  collapse include dir [/usr/local/gcc-11/lib/gcc/x86_64-apple-darwin20.3.0/12.0.0/../../../../include/c++/12.0.0/x86_64-apple-darwin20.3.0] ==> [/usr/local/gcc-11/include/c++/12.0.0/x86_64-apple-darwin20.3.0]
  collapse include dir [/usr/local/gcc-11/lib/gcc/x86_64-apple-darwin20.3.0/12.0.0/../../../../include/c++/12.0.0/backward] ==> [/usr/local/gcc-11/include/c++/12.0.0/backward]
  collapse include dir [/usr/local/gcc-11/lib/gcc/x86_64-apple-darwin20.3.0/12.0.0/include] ==> [/usr/local/gcc-11/lib/gcc/x86_64-apple-darwin20.3.0/12.0.0/include]
  collapse include dir [/usr/local/gcc-11/lib/gcc/x86_64-apple-darwin20.3.0/12.0.0/include-fixed] ==> [/usr/local/gcc-11/lib/gcc/x86_64-apple-darwin20.3.0/12.0.0/include-fixed]
  collapse include dir [/Applications/Xcode.app/Contents/Developer/Platforms/MacOSX.platform/Developer/SDKs/MacOSX11.1.sdk/usr/include] ==> [/Applications/Xcode.app/Contents/Developer/Platforms/MacOSX.platform/Developer/SDKs/MacOSX11.1.sdk/usr/include]
  collapse include dir [/Applications/Xcode.app/Contents/Developer/Platforms/MacOSX.platform/Developer/SDKs/MacOSX11.1.sdk/System/Library/Frameworks] ==> [/Applications/Xcode.app/Contents/Developer/Platforms/MacOSX.platform/Developer/SDKs/MacOSX11.1.sdk/System/Library/Frameworks]
  implicit include dirs: [/usr/local/gcc-11/include/c++/12.0.0;/usr/local/gcc-11/include/c++/12.0.0/x86_64-apple-darwin20.3.0;/usr/local/gcc-11/include/c++/12.0.0/backward;/usr/local/gcc-11/lib/gcc/x86_64-apple-darwin20.3.0/12.0.0/include;/usr/local/gcc-11/lib/gcc/x86_64-apple-darwin20.3.0/12.0.0/include-fixed;/Applications/Xcode.app/Contents/Developer/Platforms/MacOSX.platform/Developer/SDKs/MacOSX11.1.sdk/usr/include;/Applications/Xcode.app/Contents/Developer/Platforms/MacOSX.platform/Developer/SDKs/MacOSX11.1.sdk/System/Library/Frameworks]


Parsed CXX implicit link information from above output:
  link line regex: [^( *|.*[/\])(ld|CMAKE_LINK_STARTFILE-NOTFOUND|([^/\]+-)?ld|collect2)[^/\]*( |$)]
  ignore line: [Change Dir: /Users/georgewang/Documents/LearnCode/cpptest/build/CMakeFiles/CMakeTmp]
  ignore line: []
  ignore line: [Run Build Command(s):/usr/local/bin/ninja cmTC_13163 && [1/2] Building CXX object CMakeFiles/cmTC_13163.dir/CMakeCXXCompilerABI.cpp.o]
  ignore line: [Using built-in specs.]
  ignore line: [COLLECT_GCC=/usr/local/gcc-11/bin/g++-11]
  ignore line: [Target: x86_64-apple-darwin20.3.0]
  ignore line: [Configured with: ../gcc-11/configure --prefix=/usr/local/gcc-11 --enable-checking=release --enable-languages=c c++ --disable-multilib --with-sysroot=/usr/local/gcc_system_root --program-suffix=-11]
  ignore line: [Thread model: posix]
  ignore line: [Supported LTO compression algorithms: zlib]
  ignore line: [gcc version 12.0.0 20210505 (experimental) (GCC) ]
  ignore line: [COLLECT_GCC_OPTIONS='-isysroot' '/Applications/Xcode.app/Contents/Developer/Platforms/MacOSX.platform/Developer/SDKs/MacOSX11.1.sdk' '-v' '-o' 'CMakeFiles/cmTC_13163.dir/CMakeCXXCompilerABI.cpp.o' '-c' '-mmacosx-version-min=11.2.0' '-asm_macosx_version_min=11.2' '-shared-libgcc' '-mtune=core2' '-dumpdir' 'CMakeFiles/cmTC_13163.dir/']
  ignore line: [ /usr/local/gcc-11/libexec/gcc/x86_64-apple-darwin20.3.0/12.0.0/cc1plus -quiet -v -D__DYNAMIC__ -isysroot /Applications/Xcode.app/Contents/Developer/Platforms/MacOSX.platform/Developer/SDKs/MacOSX11.1.sdk /usr/local/Cellar/cmake/3.20.2/share/cmake/Modules/CMakeCXXCompilerABI.cpp -fPIC -quiet -dumpdir CMakeFiles/cmTC_13163.dir/ -dumpbase CMakeCXXCompilerABI.cpp.cpp -dumpbase-ext .cpp -mmacosx-version-min=11.2.0 -mtune=core2 -version -o /var/folders/7n/ylrt2wfx1w79n_1nkczhvzr00000gn/T//ccFZVZ0F.s]
  ignore line: [GNU C++17 (GCC) version 12.0.0 20210505 (experimental) (x86_64-apple-darwin20.3.0)]
  ignore line: [	compiled by GNU C version 12.0.0 20210505 (experimental)  GMP version 6.1.0  MPFR version 3.1.4  MPC version 1.0.3  isl version isl-0.18-GMP]
  ignore line: []
  ignore line: [GGC heuristics: --param ggc-min-expand=100 --param ggc-min-heapsize=131072]
  ignore line: [ignoring nonexistent directory "/Applications/Xcode.app/Contents/Developer/Platforms/MacOSX.platform/Developer/SDKs/MacOSX11.1.sdk/usr/local/include"]
  ignore line: [ignoring nonexistent directory "/usr/local/gcc-11/lib/gcc/x86_64-apple-darwin20.3.0/12.0.0/../../../../x86_64-apple-darwin20.3.0/include"]
  ignore line: [ignoring nonexistent directory "/Applications/Xcode.app/Contents/Developer/Platforms/MacOSX.platform/Developer/SDKs/MacOSX11.1.sdk/Library/Frameworks"]
  ignore line: [#include "..." search starts here:]
  ignore line: [#include <...> search starts here:]
  ignore line: [ /usr/local/gcc-11/lib/gcc/x86_64-apple-darwin20.3.0/12.0.0/../../../../include/c++/12.0.0]
  ignore line: [ /usr/local/gcc-11/lib/gcc/x86_64-apple-darwin20.3.0/12.0.0/../../../../include/c++/12.0.0/x86_64-apple-darwin20.3.0]
  ignore line: [ /usr/local/gcc-11/lib/gcc/x86_64-apple-darwin20.3.0/12.0.0/../../../../include/c++/12.0.0/backward]
  ignore line: [ /usr/local/gcc-11/lib/gcc/x86_64-apple-darwin20.3.0/12.0.0/include]
  ignore line: [ /usr/local/gcc-11/lib/gcc/x86_64-apple-darwin20.3.0/12.0.0/include-fixed]
  ignore line: [ /Applications/Xcode.app/Contents/Developer/Platforms/MacOSX.platform/Developer/SDKs/MacOSX11.1.sdk/usr/include]
  ignore line: [ /Applications/Xcode.app/Contents/Developer/Platforms/MacOSX.platform/Developer/SDKs/MacOSX11.1.sdk/System/Library/Frameworks]
  ignore line: [End of search list.]
  ignore line: [GNU C++17 (GCC) version 12.0.0 20210505 (experimental) (x86_64-apple-darwin20.3.0)]
  ignore line: [	compiled by GNU C version 12.0.0 20210505 (experimental)  GMP version 6.1.0  MPFR version 3.1.4  MPC version 1.0.3  isl version isl-0.18-GMP]
  ignore line: []
  ignore line: [GGC heuristics: --param ggc-min-expand=100 --param ggc-min-heapsize=131072]
  ignore line: [Compiler executable checksum: 6aeeb0d55180922cfaf33ae8ad40ad4f]
  ignore line: [COLLECT_GCC_OPTIONS='-isysroot' '/Applications/Xcode.app/Contents/Developer/Platforms/MacOSX.platform/Developer/SDKs/MacOSX11.1.sdk' '-v' '-o' 'CMakeFiles/cmTC_13163.dir/CMakeCXXCompilerABI.cpp.o' '-c' '-mmacosx-version-min=11.2.0'  '-shared-libgcc' '-mtune=core2' '-dumpdir' 'CMakeFiles/cmTC_13163.dir/']
  ignore line: [ as -arch x86_64 -v -force_cpusubtype_ALL -mmacosx-version-min=11.2 -o CMakeFiles/cmTC_13163.dir/CMakeCXXCompilerABI.cpp.o /var/folders/7n/ylrt2wfx1w79n_1nkczhvzr00000gn/T//ccFZVZ0F.s]
  ignore line: [Apple clang version 12.0.0 (clang-1200.0.32.29)]
  ignore line: [Target: x86_64-apple-darwin20.3.0]
  ignore line: [Thread model: posix]
  ignore line: [InstalledDir: /Applications/Xcode.app/Contents/Developer/Toolchains/XcodeDefault.xctoolchain/usr/bin]
  ignore line: [ "/Applications/Xcode.app/Contents/Developer/Toolchains/XcodeDefault.xctoolchain/usr/bin/clang" -cc1as -triple x86_64-apple-macosx11.2.0 -filetype obj -main-file-name ccFZVZ0F.s -target-cpu penryn -fdebug-compilation-dir /Users/georgewang/Documents/LearnCode/cpptest/build/CMakeFiles/CMakeTmp -dwarf-debug-producer "Apple clang version 12.0.0 (clang-1200.0.32.29)" -dwarf-version=4 -mrelocation-model pic -o CMakeFiles/cmTC_13163.dir/CMakeCXXCompilerABI.cpp.o /var/folders/7n/ylrt2wfx1w79n_1nkczhvzr00000gn/T//ccFZVZ0F.s]
  ignore line: [COMPILER_PATH=/usr/local/gcc-11/libexec/gcc/x86_64-apple-darwin20.3.0/12.0.0/:/usr/local/gcc-11/libexec/gcc/x86_64-apple-darwin20.3.0/12.0.0/:/usr/local/gcc-11/libexec/gcc/x86_64-apple-darwin20.3.0/:/usr/local/gcc-11/lib/gcc/x86_64-apple-darwin20.3.0/12.0.0/:/usr/local/gcc-11/lib/gcc/x86_64-apple-darwin20.3.0/]
  ignore line: [LIBRARY_PATH=/usr/local/gcc-11/lib/gcc/x86_64-apple-darwin20.3.0/12.0.0/:/usr/local/gcc-11/lib/gcc/x86_64-apple-darwin20.3.0/12.0.0/../../../]
  ignore line: [COLLECT_GCC_OPTIONS='-isysroot' '/Applications/Xcode.app/Contents/Developer/Platforms/MacOSX.platform/Developer/SDKs/MacOSX11.1.sdk' '-v' '-o' 'CMakeFiles/cmTC_13163.dir/CMakeCXXCompilerABI.cpp.o' '-c' '-mmacosx-version-min=11.2.0'  '-shared-libgcc' '-mtune=core2' '-dumpdir' 'CMakeFiles/cmTC_13163.dir/CMakeCXXCompilerABI.cpp.']
  ignore line: [[2/2] Linking CXX executable cmTC_13163]
  ignore line: [Using built-in specs.]
  ignore line: [COLLECT_GCC=/usr/local/gcc-11/bin/g++-11]
  ignore line: [COLLECT_LTO_WRAPPER=/usr/local/gcc-11/libexec/gcc/x86_64-apple-darwin20.3.0/12.0.0/lto-wrapper]
  ignore line: [Target: x86_64-apple-darwin20.3.0]
  ignore line: [Configured with: ../gcc-11/configure --prefix=/usr/local/gcc-11 --enable-checking=release --enable-languages=c c++ --disable-multilib --with-sysroot=/usr/local/gcc_system_root --program-suffix=-11]
  ignore line: [Thread model: posix]
  ignore line: [Supported LTO compression algorithms: zlib]
  ignore line: [gcc version 12.0.0 20210505 (experimental) (GCC) ]
  ignore line: [COMPILER_PATH=/usr/local/gcc-11/libexec/gcc/x86_64-apple-darwin20.3.0/12.0.0/:/usr/local/gcc-11/libexec/gcc/x86_64-apple-darwin20.3.0/12.0.0/:/usr/local/gcc-11/libexec/gcc/x86_64-apple-darwin20.3.0/:/usr/local/gcc-11/lib/gcc/x86_64-apple-darwin20.3.0/12.0.0/:/usr/local/gcc-11/lib/gcc/x86_64-apple-darwin20.3.0/]
  ignore line: [LIBRARY_PATH=/usr/local/gcc-11/lib/gcc/x86_64-apple-darwin20.3.0/12.0.0/:/usr/local/gcc-11/lib/gcc/x86_64-apple-darwin20.3.0/12.0.0/../../../]
  ignore line: [COLLECT_GCC_OPTIONS='-isysroot' '/Applications/Xcode.app/Contents/Developer/Platforms/MacOSX.platform/Developer/SDKs/MacOSX11.1.sdk' '-v' '-o' 'cmTC_13163' '-mmacosx-version-min=11.2.0' '-asm_macosx_version_min=11.2' '-shared-libgcc' '-mtune=core2' '-dumpdir' 'cmTC_13163.']
  link line: [ /usr/local/gcc-11/libexec/gcc/x86_64-apple-darwin20.3.0/12.0.0/collect2 -dynamic -arch x86_64 -macosx_version_min 11.2.0 -syslibroot /Applications/Xcode.app/Contents/Developer/Platforms/MacOSX.platform/Developer/SDKs/MacOSX11.1.sdk -weak_reference_mismatches non-weak -o cmTC_13163 -L/usr/local/gcc-11/lib/gcc/x86_64-apple-darwin20.3.0/12.0.0 -L/usr/local/gcc-11/lib/gcc/x86_64-apple-darwin20.3.0/12.0.0/../../.. -search_paths_first -headerpad_max_install_names -v CMakeFiles/cmTC_13163.dir/CMakeCXXCompilerABI.cpp.o -lstdc++ -lSystem -lgcc_ext.10.5 -lgcc -lSystem -no_compact_unwind -v]
    arg [/usr/local/gcc-11/libexec/gcc/x86_64-apple-darwin20.3.0/12.0.0/collect2] ==> ignore
    arg [-dynamic] ==> ignore
    arg [-arch] ==> ignore
    arg [x86_64] ==> ignore
    arg [-macosx_version_min] ==> ignore
    arg [11.2.0] ==> ignore
    arg [-syslibroot] ==> ignore
    arg [/Applications/Xcode.app/Contents/Developer/Platforms/MacOSX.platform/Developer/SDKs/MacOSX11.1.sdk] ==> ignore
    arg [-weak_reference_mismatches] ==> ignore
    arg [non-weak] ==> ignore
    arg [-o] ==> ignore
    arg [cmTC_13163] ==> ignore
    arg [-L/usr/local/gcc-11/lib/gcc/x86_64-apple-darwin20.3.0/12.0.0] ==> dir [/usr/local/gcc-11/lib/gcc/x86_64-apple-darwin20.3.0/12.0.0]
    arg [-L/usr/local/gcc-11/lib/gcc/x86_64-apple-darwin20.3.0/12.0.0/../../..] ==> dir [/usr/local/gcc-11/lib/gcc/x86_64-apple-darwin20.3.0/12.0.0/../../..]
    arg [-search_paths_first] ==> ignore
    arg [-headerpad_max_install_names] ==> ignore
    arg [-v] ==> ignore
    arg [CMakeFiles/cmTC_13163.dir/CMakeCXXCompilerABI.cpp.o] ==> ignore
    arg [-lstdc++] ==> lib [stdc++]
    arg [-lSystem] ==> lib [System]
    arg [-lgcc_ext.10.5] ==> lib [gcc_ext.10.5]
    arg [-lgcc] ==> lib [gcc]
    arg [-lSystem] ==> lib [System]
    arg [-no_compact_unwind] ==> ignore
    arg [-v] ==> ignore
  Library search paths: [;/usr/local/gcc-11/lib/gcc/x86_64-apple-darwin20.3.0/12.0.0;/usr/local/gcc-11/lib;/Applications/Xcode.app/Contents/Developer/Platforms/MacOSX.platform/Developer/SDKs/MacOSX11.1.sdk/usr/lib]
  Framework search paths: [;/Applications/Xcode.app/Contents/Developer/Platforms/MacOSX.platform/Developer/SDKs/MacOSX11.1.sdk/System/Library/Frameworks/]
  remove lib [System]
  remove lib [System]
  collapse library dir [/usr/local/gcc-11/lib/gcc/x86_64-apple-darwin20.3.0/12.0.0] ==> [/usr/local/gcc-11/lib/gcc/x86_64-apple-darwin20.3.0/12.0.0]
  collapse library dir [/usr/local/gcc-11/lib/gcc/x86_64-apple-darwin20.3.0/12.0.0/../../..] ==> [/usr/local/gcc-11/lib]
  collapse library dir [/usr/local/gcc-11/lib/gcc/x86_64-apple-darwin20.3.0/12.0.0] ==> [/usr/local/gcc-11/lib/gcc/x86_64-apple-darwin20.3.0/12.0.0]
  collapse library dir [/usr/local/gcc-11/lib] ==> [/usr/local/gcc-11/lib]
  collapse library dir [/Applications/Xcode.app/Contents/Developer/Platforms/MacOSX.platform/Developer/SDKs/MacOSX11.1.sdk/usr/lib] ==> [/Applications/Xcode.app/Contents/Developer/Platforms/MacOSX.platform/Developer/SDKs/MacOSX11.1.sdk/usr/lib]
  collapse framework dir [/Applications/Xcode.app/Contents/Developer/Platforms/MacOSX.platform/Developer/SDKs/MacOSX11.1.sdk/System/Library/Frameworks/] ==> [/Applications/Xcode.app/Contents/Developer/Platforms/MacOSX.platform/Developer/SDKs/MacOSX11.1.sdk/System/Library/Frameworks]
  implicit libs: [stdc++;gcc_ext.10.5;gcc]
  implicit objs: []
  implicit dirs: [/usr/local/gcc-11/lib/gcc/x86_64-apple-darwin20.3.0/12.0.0;/usr/local/gcc-11/lib;/Applications/Xcode.app/Contents/Developer/Platforms/MacOSX.platform/Developer/SDKs/MacOSX11.1.sdk/usr/lib]
  implicit fwks: [/Applications/Xcode.app/Contents/Developer/Platforms/MacOSX.platform/Developer/SDKs/MacOSX11.1.sdk/System/Library/Frameworks]


